<?xml version="1.0" encoding="UTF-8"?>
<coverage generated="1597260377831" clover="3.2.0">
  <project timestamp="1597260377831" name="All files">
    <metrics statements="266" coveredstatements="248" conditionals="179" coveredconditionals="148" methods="57" coveredmethods="51" elements="502" coveredelements="447" complexity="0" loc="266" ncloc="266" packages="3" files="18" classes="18"/>
    <package name="components">
      <metrics statements="215" coveredstatements="198" conditionals="136" coveredconditionals="106" methods="46" coveredmethods="40"/>
      <file name="card-form.tsx" path="C:\Users\Joe\source\repos\credit-card\src\components\card-form.tsx">
        <metrics statements="48" coveredstatements="39" conditionals="14" coveredconditionals="5" methods="11" coveredmethods="7"/>
        <line num="1" count="1" type="stmt"/>
        <line num="2" count="1" type="stmt"/>
        <line num="3" count="1" type="stmt"/>
        <line num="4" count="1" type="stmt"/>
        <line num="5" count="1" type="stmt"/>
        <line num="6" count="1" type="stmt"/>
        <line num="8" count="1" type="stmt"/>
        <line num="9" count="1" type="stmt"/>
        <line num="10" count="1" type="stmt"/>
        <line num="11" count="1" type="stmt"/>
        <line num="13" count="1" type="stmt"/>
        <line num="14" count="35" type="stmt"/>
        <line num="15" count="35" type="stmt"/>
        <line num="16" count="35" type="stmt"/>
        <line num="17" count="35" type="stmt"/>
        <line num="18" count="35" type="stmt"/>
        <line num="19" count="35" type="stmt"/>
        <line num="20" count="35" type="stmt"/>
        <line num="22" count="35" type="stmt"/>
        <line num="23" count="15" type="stmt"/>
        <line num="26" count="35" type="stmt"/>
        <line num="27" count="15" type="stmt"/>
        <line num="30" count="35" type="stmt"/>
        <line num="31" count="15" type="stmt"/>
        <line num="34" count="35" type="stmt"/>
        <line num="35" count="15" type="stmt"/>
        <line num="38" count="35" type="stmt"/>
        <line num="39" count="0" type="stmt"/>
        <line num="41" count="0" type="cond" truecount="0" falsecount="2"/>
        <line num="42" count="0" type="stmt"/>
        <line num="45" count="0" type="cond" truecount="0" falsecount="6"/>
        <line num="46" count="0" type="stmt"/>
        <line num="49" count="0" type="stmt"/>
        <line num="52" count="35" type="stmt"/>
        <line num="53" count="3" type="cond" truecount="2" falsecount="0"/>
        <line num="54" count="2" type="stmt"/>
        <line num="55" count="1" type="cond" truecount="1" falsecount="1"/>
        <line num="56" count="1" type="stmt"/>
        <line num="60" count="35" type="stmt"/>
        <line num="61" count="0" type="stmt"/>
        <line num="64" count="35" type="stmt"/>
        <line num="65" count="0" type="stmt"/>
        <line num="68" count="35" type="stmt"/>
        <line num="69" count="0" type="stmt"/>
        <line num="72" count="35" type="stmt"/>
        <line num="73" count="3" type="stmt"/>
        <line num="76" count="35" type="stmt"/>
        <line num="117" count="1" type="stmt"/>
      </file>
      <file name="card.tsx" path="C:\Users\Joe\source\repos\credit-card\src\components\card.tsx">
        <metrics statements="49" coveredstatements="46" conditionals="48" coveredconditionals="45" methods="7" coveredmethods="7"/>
        <line num="1" count="2" type="stmt"/>
        <line num="2" count="2" type="stmt"/>
        <line num="13" count="2" type="stmt"/>
        <line num="14" count="2" type="stmt"/>
        <line num="15" count="2" type="stmt"/>
        <line num="17" count="57" type="stmt"/>
        <line num="18" count="57" type="stmt"/>
        <line num="19" count="57" type="stmt"/>
        <line num="20" count="57" type="stmt"/>
        <line num="21" count="57" type="stmt"/>
        <line num="23" count="57" type="stmt"/>
        <line num="24" count="27" type="stmt"/>
        <line num="27" count="57" type="stmt"/>
        <line num="29" count="27" type="cond" truecount="1" falsecount="1"/>
        <line num="30" count="27" type="stmt"/>
        <line num="31" count="27" type="stmt"/>
        <line num="34" count="0" type="stmt"/>
        <line num="38" count="57" type="stmt"/>
        <line num="39" count="27" type="cond" truecount="1" falsecount="1"/>
        <line num="40" count="27" type="stmt"/>
        <line num="41" count="27" type="stmt"/>
        <line num="44" count="0" type="stmt"/>
        <line num="48" count="57" type="stmt"/>
        <line num="49" count="27" type="cond" truecount="1" falsecount="1"/>
        <line num="50" count="27" type="stmt"/>
        <line num="51" count="27" type="stmt"/>
        <line num="54" count="0" type="stmt"/>
        <line num="58" count="57" type="stmt"/>
        <line num="97" count="2" type="stmt"/>
        <line num="99" count="2" type="cond" truecount="2" falsecount="0"/>
        <line num="108" count="2" type="cond" truecount="2" falsecount="0"/>
        <line num="117" count="57" type="cond" truecount="4" falsecount="0"/>
        <line num="122" count="2" type="cond" truecount="2" falsecount="0"/>
        <line num="139" count="2" type="cond" truecount="2" falsecount="0"/>
        <line num="148" count="2" type="cond" truecount="2" falsecount="0"/>
        <line num="158" count="2" type="cond" truecount="2" falsecount="0"/>
        <line num="167" count="2" type="cond" truecount="2" falsecount="0"/>
        <line num="171" count="2" type="cond" truecount="2" falsecount="0"/>
        <line num="175" count="2" type="cond" truecount="2" falsecount="0"/>
        <line num="179" count="2" type="cond" truecount="2" falsecount="0"/>
        <line num="184" count="2" type="cond" truecount="2" falsecount="0"/>
        <line num="199" count="2" type="cond" truecount="2" falsecount="0"/>
        <line num="204" count="2" type="cond" truecount="2" falsecount="0"/>
        <line num="214" count="2" type="cond" truecount="2" falsecount="0"/>
        <line num="226" count="2" type="cond" truecount="2" falsecount="0"/>
        <line num="251" count="2" type="cond" truecount="2" falsecount="0"/>
        <line num="260" count="2" type="cond" truecount="2" falsecount="0"/>
        <line num="271" count="2" type="cond" truecount="2" falsecount="0"/>
        <line num="276" count="228" type="cond" truecount="2" falsecount="0"/>
      </file>
      <file name="expiry-input.tsx" path="C:\Users\Joe\source\repos\credit-card\src\components\expiry-input.tsx">
        <metrics statements="31" coveredstatements="28" conditionals="18" coveredconditionals="15" methods="5" coveredmethods="5"/>
        <line num="1" count="2" type="stmt"/>
        <line num="3" count="2" type="stmt"/>
        <line num="4" count="2" type="stmt"/>
        <line num="5" count="2" type="stmt"/>
        <line num="6" count="2" type="stmt"/>
        <line num="7" count="2" type="stmt"/>
        <line num="8" count="2" type="stmt"/>
        <line num="10" count="2" type="stmt"/>
        <line num="12" count="48" type="stmt"/>
        <line num="13" count="48" type="cond" truecount="3" falsecount="0"/>
        <line num="15" count="48" type="stmt"/>
        <line num="16" count="27" type="stmt"/>
        <line num="18" count="27" type="cond" truecount="2" falsecount="0"/>
        <line num="19" count="25" type="stmt"/>
        <line num="21" count="2" type="stmt"/>
        <line num="22" count="2" type="cond" truecount="1" falsecount="1"/>
        <line num="25" count="27" type="stmt"/>
        <line num="28" count="48" type="stmt"/>
        <line num="29" count="2" type="stmt"/>
        <line num="31" count="2" type="cond" truecount="1" falsecount="1"/>
        <line num="32" count="0" type="stmt"/>
        <line num="33" count="0" type="stmt"/>
        <line num="36" count="2" type="stmt"/>
        <line num="37" count="2" type="stmt"/>
        <line num="39" count="2" type="cond" truecount="1" falsecount="1"/>
        <line num="40" count="0" type="stmt"/>
        <line num="43" count="2" type="stmt"/>
        <line num="46" count="48" type="stmt"/>
        <line num="58" count="1" type="stmt"/>
        <line num="59" count="2" type="stmt"/>
        <line num="66" count="2" type="stmt"/>
      </file>
      <file name="focus-outline.tsx" path="C:\Users\Joe\source\repos\credit-card\src\components\focus-outline.tsx">
        <metrics statements="23" coveredstatements="23" conditionals="14" coveredconditionals="14" methods="8" coveredmethods="8"/>
        <line num="1" count="1" type="stmt"/>
        <line num="2" count="1" type="stmt"/>
        <line num="10" count="4" type="stmt"/>
        <line num="11" count="4" type="stmt"/>
        <line num="13" count="4" type="stmt"/>
        <line num="14" count="2" type="cond" truecount="6" falsecount="0"/>
        <line num="15" count="1" type="stmt"/>
        <line num="16" count="1" type="stmt"/>
        <line num="20" count="4" type="stmt"/>
        <line num="21" count="2" type="cond" truecount="4" falsecount="0"/>
        <line num="23" count="1" type="stmt"/>
        <line num="24" count="1" type="stmt"/>
        <line num="26" count="1" type="stmt"/>
        <line num="27" count="1" type="stmt"/>
        <line num="29" count="1" type="stmt"/>
        <line num="39" count="4" type="stmt"/>
        <line num="44" count="1" type="stmt"/>
        <line num="55" count="1" type="cond" truecount="2" falsecount="0"/>
        <line num="62" count="4" type="cond" truecount="2" falsecount="0"/>
        <line num="63" count="4" type="stmt"/>
        <line num="64" count="4" type="stmt"/>
        <line num="65" count="4" type="stmt"/>
        <line num="66" count="4" type="stmt"/>
      </file>
      <file name="long-number-input.tsx" path="C:\Users\Joe\source\repos\credit-card\src\components\long-number-input.tsx">
        <metrics statements="28" coveredstatements="28" conditionals="18" coveredconditionals="13" methods="5" coveredmethods="5"/>
        <line num="1" count="2" type="stmt"/>
        <line num="2" count="2" type="stmt"/>
        <line num="3" count="2" type="stmt"/>
        <line num="5" count="2" type="stmt"/>
        <line num="6" count="2" type="stmt"/>
        <line num="7" count="2" type="stmt"/>
        <line num="8" count="2" type="stmt"/>
        <line num="9" count="2" type="stmt"/>
        <line num="11" count="47" type="stmt"/>
        <line num="12" count="47" type="cond" truecount="3" falsecount="0"/>
        <line num="13" count="47" type="stmt"/>
        <line num="15" count="47" type="stmt"/>
        <line num="17" count="26" type="stmt"/>
        <line num="18" count="26" type="cond" truecount="4" falsecount="0"/>
        <line num="21" count="47" type="stmt"/>
        <line num="23" count="5" type="stmt"/>
        <line num="25" count="5" type="cond" truecount="2" falsecount="0"/>
        <line num="26" count="1" type="stmt"/>
        <line num="27" count="1" type="stmt"/>
        <line num="30" count="4" type="stmt"/>
        <line num="31" count="4" type="stmt"/>
        <line num="33" count="4" type="cond" truecount="2" falsecount="0"/>
        <line num="34" count="1" type="stmt"/>
        <line num="37" count="4" type="stmt"/>
        <line num="40" count="47" type="stmt"/>
        <line num="53" count="1" type="stmt"/>
        <line num="54" count="2" type="stmt"/>
        <line num="61" count="2" type="stmt"/>
      </file>
      <file name="name-input.tsx" path="C:\Users\Joe\source\repos\credit-card\src\components\name-input.tsx">
        <metrics statements="18" coveredstatements="16" conditionals="12" coveredconditionals="7" methods="5" coveredmethods="3"/>
        <line num="1" count="1" type="stmt"/>
        <line num="3" count="1" type="stmt"/>
        <line num="4" count="1" type="stmt"/>
        <line num="5" count="1" type="stmt"/>
        <line num="6" count="1" type="stmt"/>
        <line num="7" count="1" type="stmt"/>
        <line num="8" count="1" type="stmt"/>
        <line num="14" count="36" type="stmt"/>
        <line num="15" count="36" type="cond" truecount="3" falsecount="0"/>
        <line num="17" count="36" type="stmt"/>
        <line num="18" count="15" type="stmt"/>
        <line num="19" count="15" type="cond" truecount="2" falsecount="0"/>
        <line num="22" count="36" type="stmt"/>
        <line num="23" count="1" type="stmt"/>
        <line num="26" count="36" type="stmt"/>
        <line num="38" count="0" type="stmt"/>
        <line num="39" count="0" type="stmt"/>
        <line num="46" count="1" type="stmt"/>
      </file>
      <file name="security-input.tsx" path="C:\Users\Joe\source\repos\credit-card\src\components\security-input.tsx">
        <metrics statements="18" coveredstatements="18" conditionals="12" coveredconditionals="7" methods="5" coveredmethods="5"/>
        <line num="1" count="1" type="stmt"/>
        <line num="3" count="1" type="stmt"/>
        <line num="4" count="1" type="stmt"/>
        <line num="5" count="1" type="stmt"/>
        <line num="6" count="1" type="stmt"/>
        <line num="7" count="1" type="stmt"/>
        <line num="8" count="1" type="stmt"/>
        <line num="10" count="36" type="stmt"/>
        <line num="11" count="36" type="cond" truecount="3" falsecount="0"/>
        <line num="13" count="36" type="stmt"/>
        <line num="14" count="15" type="stmt"/>
        <line num="15" count="15" type="cond" truecount="2" falsecount="0"/>
        <line num="18" count="36" type="stmt"/>
        <line num="19" count="1" type="stmt"/>
        <line num="22" count="36" type="stmt"/>
        <line num="34" count="1" type="stmt"/>
        <line num="35" count="2" type="stmt"/>
        <line num="42" count="1" type="stmt"/>
      </file>
    </package>
    <package name="style">
      <metrics statements="25" coveredstatements="25" conditionals="20" coveredconditionals="20" methods="1" coveredmethods="1"/>
      <file name="form.ts" path="C:\Users\Joe\source\repos\credit-card\src\style\form.ts">
        <metrics statements="3" coveredstatements="3" conditionals="2" coveredconditionals="2" methods="0" coveredmethods="0"/>
        <line num="1" count="1" type="stmt"/>
        <line num="3" count="1" type="cond" truecount="2" falsecount="0"/>
        <line num="16" count="1" type="stmt"/>
      </file>
      <file name="inline-input-wrapper.ts" path="C:\Users\Joe\source\repos\credit-card\src\style\inline-input-wrapper.ts">
        <metrics statements="3" coveredstatements="3" conditionals="2" coveredconditionals="2" methods="0" coveredmethods="0"/>
        <line num="1" count="1" type="stmt"/>
        <line num="3" count="1" type="cond" truecount="2" falsecount="0"/>
        <line num="13" count="1" type="stmt"/>
      </file>
      <file name="input-icon-wrapper.ts" path="C:\Users\Joe\source\repos\credit-card\src\style\input-icon-wrapper.ts">
        <metrics statements="3" coveredstatements="3" conditionals="2" coveredconditionals="2" methods="0" coveredmethods="0"/>
        <line num="1" count="3" type="stmt"/>
        <line num="3" count="3" type="cond" truecount="2" falsecount="0"/>
        <line num="14" count="3" type="stmt"/>
      </file>
      <file name="input-message.ts" path="C:\Users\Joe\source\repos\credit-card\src\style\input-message.ts">
        <metrics statements="3" coveredstatements="3" conditionals="2" coveredconditionals="2" methods="0" coveredmethods="0"/>
        <line num="1" count="3" type="stmt"/>
        <line num="3" count="3" type="cond" truecount="2" falsecount="0"/>
        <line num="9" count="3" type="stmt"/>
      </file>
      <file name="input-wrapper.ts" path="C:\Users\Joe\source\repos\credit-card\src\style\input-wrapper.ts">
        <metrics statements="4" coveredstatements="4" conditionals="6" coveredconditionals="6" methods="1" coveredmethods="1"/>
        <line num="1" count="3" type="stmt"/>
        <line num="7" count="3" type="cond" truecount="2" falsecount="0"/>
        <line num="12" count="167" type="cond" truecount="4" falsecount="0"/>
        <line num="23" count="3" type="stmt"/>
      </file>
      <file name="input.ts" path="C:\Users\Joe\source\repos\credit-card\src\style\input.ts">
        <metrics statements="3" coveredstatements="3" conditionals="2" coveredconditionals="2" methods="0" coveredmethods="0"/>
        <line num="1" count="3" type="stmt"/>
        <line num="3" count="3" type="cond" truecount="2" falsecount="0"/>
        <line num="20" count="3" type="stmt"/>
      </file>
      <file name="label.ts" path="C:\Users\Joe\source\repos\credit-card\src\style\label.ts">
        <metrics statements="3" coveredstatements="3" conditionals="2" coveredconditionals="2" methods="0" coveredmethods="0"/>
        <line num="1" count="3" type="stmt"/>
        <line num="3" count="3" type="cond" truecount="2" falsecount="0"/>
        <line num="9" count="3" type="stmt"/>
      </file>
      <file name="submit.ts" path="C:\Users\Joe\source\repos\credit-card\src\style\submit.ts">
        <metrics statements="3" coveredstatements="3" conditionals="2" coveredconditionals="2" methods="0" coveredmethods="0"/>
        <line num="1" count="1" type="stmt"/>
        <line num="3" count="1" type="cond" truecount="2" falsecount="0"/>
        <line num="19" count="1" type="stmt"/>
      </file>
    </package>
    <package name="utils">
      <metrics statements="26" coveredstatements="25" conditionals="23" coveredconditionals="22" methods="10" coveredmethods="10"/>
      <file name="expiry-validate.ts" path="C:\Users\Joe\source\repos\credit-card\src\utils\expiry-validate.ts">
        <metrics statements="5" coveredstatements="5" conditionals="4" coveredconditionals="4" methods="1" coveredmethods="1"/>
        <line num="1" count="3" type="stmt"/>
        <line num="3" count="8" type="cond" truecount="2" falsecount="0"/>
        <line num="4" count="6" type="stmt"/>
        <line num="5" count="6" type="stmt"/>
        <line num="6" count="6" type="cond" truecount="2" falsecount="0"/>
      </file>
      <file name="long-number-utils.ts" path="C:\Users\Joe\source\repos\credit-card\src\utils\long-number-utils.ts">
        <metrics statements="18" coveredstatements="17" conditionals="19" coveredconditionals="18" methods="8" coveredmethods="8"/>
        <line num="1" count="4" type="stmt"/>
        <line num="2" count="69" type="cond" truecount="5" falsecount="0"/>
        <line num="3" count="29" type="stmt"/>
        <line num="7" count="634" type="stmt"/>
        <line num="9" count="590" type="cond" truecount="2" falsecount="0"/>
        <line num="10" count="3" type="stmt"/>
        <line num="15" count="37" type="stmt"/>
        <line num="19" count="37" type="stmt"/>
        <line num="20" count="549" type="cond" truecount="4" falsecount="0"/>
        <line num="23" count="37" type="stmt"/>
        <line num="26" count="4" type="stmt"/>
        <line num="27" count="9" type="cond" truecount="1" falsecount="1"/>
        <line num="28" count="0" type="stmt"/>
        <line num="31" count="9" type="stmt"/>
        <line num="33" count="9" type="stmt"/>
        <line num="39" count="9" type="cond" truecount="2" falsecount="0"/>
        <line num="40" count="30" type="cond" truecount="2" falsecount="0"/>
        <line num="41" count="5" type="cond" truecount="2" falsecount="0"/>
      </file>
      <file name="random-name.ts" path="C:\Users\Joe\source\repos\credit-card\src\utils\random-name.ts">
        <metrics statements="3" coveredstatements="3" conditionals="0" coveredconditionals="0" methods="1" coveredmethods="1"/>
        <line num="1" count="1" type="stmt"/>
        <line num="2" count="35" type="stmt"/>
        <line num="22" count="35" type="stmt"/>
      </file>
    </package>
  </project>
</coverage>
