{"C:\\Users\\Joe\\source\\repos\\credit-card\\src\\components\\card-form.tsx": {"path":"C:\\Users\\Joe\\source\\repos\\credit-card\\src\\components\\card-form.tsx","statementMap":{"0":{"start":{"line":1,"column":0},"end":{"line":1,"column":63}},"1":{"start":{"line":2,"column":0},"end":{"line":2,"column":26}},"2":{"start":{"line":3,"column":0},"end":{"line":3,"column":50}},"3":{"start":{"line":4,"column":0},"end":{"line":4,"column":41}},"4":{"start":{"line":5,"column":0},"end":{"line":5,"column":37}},"5":{"start":{"line":6,"column":0},"end":{"line":6,"column":45}},"6":{"start":{"line":8,"column":0},"end":{"line":8,"column":39}},"7":{"start":{"line":9,"column":0},"end":{"line":9,"column":35}},"8":{"start":{"line":10,"column":0},"end":{"line":10,"column":65}},"9":{"start":{"line":11,"column":0},"end":{"line":11,"column":55}},"10":{"start":{"line":13,"column":22},"end":{"line":115,"column":1}},"11":{"start":{"line":14,"column":28},"end":{"line":14,"column":88}},"12":{"start":{"line":14,"column":15},"end":{"line":14,"column":17}},"13":{"start":{"line":14,"column":24},"end":{"line":14,"column":28}},"14":{"start":{"line":15,"column":40},"end":{"line":15,"column":100}},"15":{"start":{"line":15,"column":21},"end":{"line":15,"column":23}},"16":{"start":{"line":15,"column":36},"end":{"line":15,"column":40}},"17":{"start":{"line":16,"column":32},"end":{"line":16,"column":92}},"18":{"start":{"line":16,"column":17},"end":{"line":16,"column":19}},"19":{"start":{"line":16,"column":28},"end":{"line":16,"column":32}},"20":{"start":{"line":17,"column":36},"end":{"line":17,"column":96}},"21":{"start":{"line":17,"column":19},"end":{"line":17,"column":21}},"22":{"start":{"line":17,"column":32},"end":{"line":17,"column":36}},"23":{"start":{"line":18,"column":34},"end":{"line":18,"column":49}},"24":{"start":{"line":18,"column":18},"end":{"line":18,"column":20}},"25":{"start":{"line":18,"column":30},"end":{"line":18,"column":34}},"26":{"start":{"line":19,"column":28},"end":{"line":19,"column":51}},"27":{"start":{"line":20,"column":44},"end":{"line":20,"column":66}},"28":{"start":{"line":20,"column":23},"end":{"line":20,"column":25}},"29":{"start":{"line":20,"column":40},"end":{"line":20,"column":44}},"30":{"start":{"line":22,"column":30},"end":{"line":24,"column":5}},"31":{"start":{"line":23,"column":8},"end":{"line":23,"column":22}},"32":{"start":{"line":26,"column":32},"end":{"line":28,"column":5}},"33":{"start":{"line":27,"column":8},"end":{"line":27,"column":28}},"34":{"start":{"line":30,"column":32},"end":{"line":32,"column":5}},"35":{"start":{"line":31,"column":8},"end":{"line":31,"column":24}},"36":{"start":{"line":34,"column":34},"end":{"line":36,"column":5}},"37":{"start":{"line":35,"column":8},"end":{"line":35,"column":26}},"38":{"start":{"line":38,"column":26},"end":{"line":50,"column":5}},"39":{"start":{"line":39,"column":8},"end":{"line":39,"column":31}},"40":{"start":{"line":41,"column":8},"end":{"line":43,"column":null}},"41":{"start":{"line":42,"column":12},"end":{"line":42,"column":29}},"42":{"start":{"line":45,"column":8},"end":{"line":47,"column":null}},"43":{"start":{"line":46,"column":12},"end":{"line":46,"column":19}},"44":{"start":{"line":49,"column":8},"end":{"line":49,"column":39}},"45":{"start":{"line":52,"column":43},"end":{"line":58,"column":5}},"46":{"start":{"line":53,"column":8},"end":{"line":57,"column":null}},"47":{"start":{"line":54,"column":12},"end":{"line":54,"column":35}},"48":{"start":{"line":55,"column":15},"end":{"line":57,"column":null}},"49":{"start":{"line":56,"column":12},"end":{"line":56,"column":34}},"50":{"start":{"line":60,"column":40},"end":{"line":62,"column":5}},"51":{"start":{"line":61,"column":8},"end":{"line":61,"column":56}},"52":{"start":{"line":64,"column":42},"end":{"line":66,"column":5}},"53":{"start":{"line":65,"column":8},"end":{"line":65,"column":58}},"54":{"start":{"line":68,"column":42},"end":{"line":70,"column":5}},"55":{"start":{"line":69,"column":8},"end":{"line":69,"column":58}},"56":{"start":{"line":72,"column":44},"end":{"line":74,"column":5}},"57":{"start":{"line":73,"column":8},"end":{"line":73,"column":60}},"58":{"start":{"line":76,"column":4},"end":{"line":114,"column":6}},"59":{"start":{"line":117,"column":0},"end":{"line":117,"column":24}}},"fnMap":{"0":{"name":"(anonymous_7)","decl":{"start":{"line":13,"column":22},"end":{"line":13,"column":null}},"loc":{"start":{"line":13,"column":22},"end":{"line":115,"column":1}}},"1":{"name":"(anonymous_8)","decl":{"start":{"line":22,"column":30},"end":{"line":22,"column":31}},"loc":{"start":{"line":22,"column":47},"end":{"line":24,"column":5}}},"2":{"name":"(anonymous_9)","decl":{"start":{"line":26,"column":32},"end":{"line":26,"column":33}},"loc":{"start":{"line":26,"column":49},"end":{"line":28,"column":5}}},"3":{"name":"(anonymous_10)","decl":{"start":{"line":30,"column":32},"end":{"line":30,"column":33}},"loc":{"start":{"line":30,"column":49},"end":{"line":32,"column":5}}},"4":{"name":"(anonymous_11)","decl":{"start":{"line":34,"column":34},"end":{"line":34,"column":35}},"loc":{"start":{"line":34,"column":51},"end":{"line":36,"column":5}}},"5":{"name":"(anonymous_12)","decl":{"start":{"line":38,"column":26},"end":{"line":38,"column":27}},"loc":{"start":{"line":38,"column":66},"end":{"line":50,"column":5}}},"6":{"name":"(anonymous_13)","decl":{"start":{"line":52,"column":43},"end":{"line":52,"column":44}},"loc":{"start":{"line":52,"column":75},"end":{"line":58,"column":5}}},"7":{"name":"(anonymous_14)","decl":{"start":{"line":60,"column":40},"end":{"line":60,"column":41}},"loc":{"start":{"line":60,"column":57},"end":{"line":62,"column":5}}},"8":{"name":"(anonymous_15)","decl":{"start":{"line":64,"column":42},"end":{"line":64,"column":43}},"loc":{"start":{"line":64,"column":59},"end":{"line":66,"column":5}}},"9":{"name":"(anonymous_16)","decl":{"start":{"line":68,"column":42},"end":{"line":68,"column":43}},"loc":{"start":{"line":68,"column":59},"end":{"line":70,"column":5}}},"10":{"name":"(anonymous_17)","decl":{"start":{"line":72,"column":44},"end":{"line":72,"column":45}},"loc":{"start":{"line":72,"column":61},"end":{"line":74,"column":5}}}},"branchMap":{"0":{"loc":{"start":{"line":41,"column":8},"end":{"line":43,"column":null}},"type":"if","locations":[{"start":{"line":41,"column":8},"end":{"line":43,"column":null}},{"start":{"line":41,"column":8},"end":{"line":43,"column":null}}]},"1":{"loc":{"start":{"line":45,"column":8},"end":{"line":47,"column":null}},"type":"if","locations":[{"start":{"line":45,"column":8},"end":{"line":47,"column":null}},{"start":{"line":45,"column":8},"end":{"line":47,"column":null}}]},"2":{"loc":{"start":{"line":45,"column":11},"end":{"line":45,"column":22}},"type":"binary-expr","locations":[{"start":{"line":45,"column":11},"end":{"line":45,"column":22}},{"start":{"line":45,"column":26},"end":{"line":45,"column":43}},{"start":{"line":45,"column":47},"end":{"line":45,"column":60}},{"start":{"line":45,"column":64},"end":{"line":45,"column":79}}]},"3":{"loc":{"start":{"line":53,"column":8},"end":{"line":57,"column":null}},"type":"if","locations":[{"start":{"line":53,"column":8},"end":{"line":57,"column":null}},{"start":{"line":53,"column":8},"end":{"line":57,"column":null}}]},"4":{"loc":{"start":{"line":55,"column":15},"end":{"line":57,"column":null}},"type":"if","locations":[{"start":{"line":55,"column":15},"end":{"line":57,"column":null}},{"start":{"line":55,"column":15},"end":{"line":57,"column":null}}]},"5":{"loc":{"start":{"line":79,"column":22},"end":{"line":79,"column":32}},"type":"binary-expr","locations":[{"start":{"line":79,"column":22},"end":{"line":79,"column":32}},{"start":{"line":79,"column":36},"end":{"line":79,"column":59}}]}},"s":{"0":1,"1":1,"2":1,"3":1,"4":1,"5":1,"6":1,"7":1,"8":1,"9":1,"10":1,"11":35,"12":35,"13":35,"14":35,"15":35,"16":35,"17":35,"18":35,"19":35,"20":35,"21":35,"22":35,"23":35,"24":35,"25":35,"26":35,"27":35,"28":35,"29":35,"30":35,"31":15,"32":35,"33":15,"34":35,"35":15,"36":35,"37":15,"38":35,"39":0,"40":0,"41":0,"42":0,"43":0,"44":0,"45":35,"46":3,"47":2,"48":1,"49":1,"50":35,"51":0,"52":35,"53":0,"54":35,"55":0,"56":35,"57":3,"58":35,"59":1},"f":{"0":35,"1":15,"2":15,"3":15,"4":15,"5":0,"6":3,"7":0,"8":0,"9":0,"10":3},"b":{"0":[0,0],"1":[0,0],"2":[0,0,0,0],"3":[2,1],"4":[1,0],"5":[35,34]}}
,"C:\\Users\\Joe\\source\\repos\\credit-card\\src\\components\\card.tsx": {"path":"C:\\Users\\Joe\\source\\repos\\credit-card\\src\\components\\card.tsx","statementMap":{"0":{"start":{"line":1,"column":0},"end":{"line":1,"column":63}},"1":{"start":{"line":2,"column":0},"end":{"line":2,"column":46}},"2":{"start":{"line":13,"column":30},"end":{"line":13,"column":51}},"3":{"start":{"line":14,"column":26},"end":{"line":14,"column":33}},"4":{"start":{"line":15,"column":28},"end":{"line":15,"column":33}},"5":{"start":{"line":17,"column":29},"end":{"line":95,"column":1}},"6":{"start":{"line":17,"column":35},"end":{"line":17,"column":37}},"7":{"start":{"line":17,"column":43},"end":{"line":17,"column":45}},"8":{"start":{"line":17,"column":51},"end":{"line":17,"column":53}},"9":{"start":{"line":17,"column":61},"end":{"line":17,"column":63}},"10":{"start":{"line":17,"column":70},"end":{"line":17,"column":71}},"11":{"start":{"line":18,"column":42},"end":{"line":18,"column":56}},"12":{"start":{"line":18,"column":22},"end":{"line":18,"column":24}},"13":{"start":{"line":18,"column":38},"end":{"line":18,"column":42}},"14":{"start":{"line":19,"column":46},"end":{"line":19,"column":77}},"15":{"start":{"line":19,"column":24},"end":{"line":19,"column":26}},"16":{"start":{"line":19,"column":42},"end":{"line":19,"column":46}},"17":{"start":{"line":20,"column":46},"end":{"line":20,"column":73}},"18":{"start":{"line":20,"column":24},"end":{"line":20,"column":26}},"19":{"start":{"line":20,"column":42},"end":{"line":20,"column":46}},"20":{"start":{"line":21,"column":50},"end":{"line":21,"column":79}},"21":{"start":{"line":21,"column":26},"end":{"line":21,"column":28}},"22":{"start":{"line":21,"column":46},"end":{"line":21,"column":50}},"23":{"start":{"line":23,"column":4},"end":{"line":25,"column":15}},"24":{"start":{"line":24,"column":8},"end":{"line":24,"column":29}},"25":{"start":{"line":27,"column":4},"end":{"line":36,"column":17}},"26":{"start":{"line":29,"column":8},"end":{"line":35,"column":null}},"27":{"start":{"line":30,"column":29},"end":{"line":30,"column":84}},"28":{"start":{"line":31,"column":12},"end":{"line":31,"column":39}},"29":{"start":{"line":34,"column":12},"end":{"line":34,"column":37}},"30":{"start":{"line":38,"column":4},"end":{"line":46,"column":17}},"31":{"start":{"line":39,"column":8},"end":{"line":45,"column":null}},"32":{"start":{"line":40,"column":29},"end":{"line":40,"column":80}},"33":{"start":{"line":41,"column":12},"end":{"line":41,"column":39}},"34":{"start":{"line":44,"column":12},"end":{"line":44,"column":37}},"35":{"start":{"line":48,"column":4},"end":{"line":56,"column":19}},"36":{"start":{"line":49,"column":8},"end":{"line":55,"column":null}},"37":{"start":{"line":50,"column":29},"end":{"line":50,"column":86}},"38":{"start":{"line":51,"column":12},"end":{"line":51,"column":41}},"39":{"start":{"line":54,"column":12},"end":{"line":54,"column":39}},"40":{"start":{"line":58,"column":4},"end":{"line":94,"column":6}},"41":{"start":{"line":97,"column":0},"end":{"line":97,"column":20}},"42":{"start":{"line":99,"column":21},"end":{"line":102,"column":null}},"43":{"start":{"line":108,"column":22},"end":{"line":119,"column":null}},"44":{"start":{"line":117,"column":33},"end":{"line":119,"column":null}},"45":{"start":{"line":122,"column":17},"end":{"line":137,"column":null}},"46":{"start":{"line":139,"column":18},"end":{"line":146,"column":null}},"47":{"start":{"line":148,"column":17},"end":{"line":156,"column":null}},"48":{"start":{"line":158,"column":23},"end":{"line":165,"column":null}},"49":{"start":{"line":167,"column":20},"end":{"line":169,"column":null}},"50":{"start":{"line":171,"column":22},"end":{"line":173,"column":null}},"51":{"start":{"line":175,"column":22},"end":{"line":177,"column":null}},"52":{"start":{"line":179,"column":19},"end":{"line":182,"column":null}},"53":{"start":{"line":184,"column":24},"end":{"line":197,"column":null}},"54":{"start":{"line":199,"column":24},"end":{"line":202,"column":null}},"55":{"start":{"line":204,"column":20},"end":{"line":212,"column":null}},"56":{"start":{"line":214,"column":13},"end":{"line":224,"column":null}},"57":{"start":{"line":226,"column":17},"end":{"line":249,"column":null}},"58":{"start":{"line":251,"column":17},"end":{"line":258,"column":null}},"59":{"start":{"line":260,"column":14},"end":{"line":265,"column":null}},"60":{"start":{"line":271,"column":16},"end":{"line":276,"column":null}},"61":{"start":{"line":276,"column":41},"end":{"line":276,"column":null}}},"fnMap":{"0":{"name":"(anonymous_7)","decl":{"start":{"line":17,"column":29},"end":{"line":17,"column":30}},"loc":{"start":{"line":17,"column":71},"end":{"line":95,"column":1}}},"1":{"name":"(anonymous_8)","decl":{"start":{"line":23,"column":14},"end":{"line":23,"column":null}},"loc":{"start":{"line":23,"column":14},"end":{"line":25,"column":5}}},"2":{"name":"(anonymous_9)","decl":{"start":{"line":27,"column":14},"end":{"line":27,"column":null}},"loc":{"start":{"line":27,"column":14},"end":{"line":36,"column":5}}},"3":{"name":"(anonymous_10)","decl":{"start":{"line":38,"column":14},"end":{"line":38,"column":null}},"loc":{"start":{"line":38,"column":14},"end":{"line":46,"column":5}}},"4":{"name":"(anonymous_11)","decl":{"start":{"line":48,"column":14},"end":{"line":48,"column":null}},"loc":{"start":{"line":48,"column":14},"end":{"line":56,"column":5}}},"5":{"name":"(anonymous_12)","decl":{"start":{"line":117,"column":6},"end":{"line":117,"column":7}},"loc":{"start":{"line":117,"column":28},"end":{"line":117,"column":34}}},"6":{"name":"(anonymous_13)","decl":{"start":{"line":276,"column":20},"end":{"line":276,"column":21}},"loc":{"start":{"line":276,"column":36},"end":{"line":276,"column":42}}}},"branchMap":{"0":{"loc":{"start":{"line":29,"column":8},"end":{"line":35,"column":null}},"type":"if","locations":[{"start":{"line":29,"column":8},"end":{"line":35,"column":null}},{"start":{"line":29,"column":8},"end":{"line":35,"column":null}}]},"1":{"loc":{"start":{"line":39,"column":8},"end":{"line":45,"column":null}},"type":"if","locations":[{"start":{"line":39,"column":8},"end":{"line":45,"column":null}},{"start":{"line":39,"column":8},"end":{"line":45,"column":null}}]},"2":{"loc":{"start":{"line":49,"column":8},"end":{"line":55,"column":null}},"type":"if","locations":[{"start":{"line":49,"column":8},"end":{"line":55,"column":null}},{"start":{"line":49,"column":8},"end":{"line":55,"column":null}}]},"3":{"loc":{"start":{"line":99,"column":31},"end":{"line":99,"column":null}},"type":"binary-expr","locations":[{"start":{"line":99,"column":31},"end":{"line":99,"column":null}},{"start":{"line":99,"column":31},"end":{"line":102,"column":null}}]},"4":{"loc":{"start":{"line":108,"column":32},"end":{"line":108,"column":null}},"type":"binary-expr","locations":[{"start":{"line":108,"column":32},"end":{"line":108,"column":null}},{"start":{"line":108,"column":32},"end":{"line":120,"column":null}}]},"5":{"loc":{"start":{"line":117,"column":33},"end":{"line":117,"column":43}},"type":"binary-expr","locations":[{"start":{"line":117,"column":33},"end":{"line":117,"column":43}},{"start":{"line":117,"column":47},"end":{"line":119,"column":null}}]},"6":{"loc":{"start":{"line":117,"column":50},"end":{"line":117,"column":null}},"type":"binary-expr","locations":[{"start":{"line":117,"column":50},"end":{"line":117,"column":null}},{"start":{"line":117,"column":50},"end":{"line":119,"column":null}}]},"7":{"loc":{"start":{"line":122,"column":27},"end":{"line":122,"column":null}},"type":"binary-expr","locations":[{"start":{"line":122,"column":27},"end":{"line":122,"column":null}},{"start":{"line":122,"column":27},"end":{"line":137,"column":null}}]},"8":{"loc":{"start":{"line":139,"column":34},"end":{"line":139,"column":null}},"type":"binary-expr","locations":[{"start":{"line":139,"column":34},"end":{"line":139,"column":null}},{"start":{"line":139,"column":34},"end":{"line":146,"column":null}}]},"9":{"loc":{"start":{"line":148,"column":33},"end":{"line":148,"column":null}},"type":"binary-expr","locations":[{"start":{"line":148,"column":33},"end":{"line":148,"column":null}},{"start":{"line":148,"column":33},"end":{"line":156,"column":null}}]},"10":{"loc":{"start":{"line":158,"column":33},"end":{"line":158,"column":null}},"type":"binary-expr","locations":[{"start":{"line":158,"column":33},"end":{"line":158,"column":null}},{"start":{"line":158,"column":33},"end":{"line":165,"column":null}}]},"11":{"loc":{"start":{"line":167,"column":30},"end":{"line":167,"column":null}},"type":"binary-expr","locations":[{"start":{"line":167,"column":30},"end":{"line":167,"column":null}},{"start":{"line":167,"column":30},"end":{"line":169,"column":null}}]},"12":{"loc":{"start":{"line":171,"column":32},"end":{"line":171,"column":null}},"type":"binary-expr","locations":[{"start":{"line":171,"column":32},"end":{"line":171,"column":null}},{"start":{"line":171,"column":32},"end":{"line":173,"column":null}}]},"13":{"loc":{"start":{"line":175,"column":32},"end":{"line":175,"column":null}},"type":"binary-expr","locations":[{"start":{"line":175,"column":32},"end":{"line":175,"column":null}},{"start":{"line":175,"column":32},"end":{"line":177,"column":null}}]},"14":{"loc":{"start":{"line":179,"column":30},"end":{"line":179,"column":null}},"type":"binary-expr","locations":[{"start":{"line":179,"column":30},"end":{"line":179,"column":null}},{"start":{"line":179,"column":30},"end":{"line":182,"column":null}}]},"15":{"loc":{"start":{"line":184,"column":34},"end":{"line":184,"column":null}},"type":"binary-expr","locations":[{"start":{"line":184,"column":34},"end":{"line":184,"column":null}},{"start":{"line":184,"column":34},"end":{"line":197,"column":null}}]},"16":{"loc":{"start":{"line":199,"column":34},"end":{"line":199,"column":null}},"type":"binary-expr","locations":[{"start":{"line":199,"column":34},"end":{"line":199,"column":null}},{"start":{"line":199,"column":34},"end":{"line":202,"column":null}}]},"17":{"loc":{"start":{"line":204,"column":30},"end":{"line":204,"column":null}},"type":"binary-expr","locations":[{"start":{"line":204,"column":30},"end":{"line":204,"column":null}},{"start":{"line":204,"column":30},"end":{"line":212,"column":null}}]},"18":{"loc":{"start":{"line":214,"column":23},"end":{"line":214,"column":null}},"type":"binary-expr","locations":[{"start":{"line":214,"column":23},"end":{"line":214,"column":null}},{"start":{"line":214,"column":23},"end":{"line":224,"column":null}}]},"19":{"loc":{"start":{"line":226,"column":27},"end":{"line":226,"column":null}},"type":"binary-expr","locations":[{"start":{"line":226,"column":27},"end":{"line":226,"column":null}},{"start":{"line":226,"column":27},"end":{"line":249,"column":null}}]},"20":{"loc":{"start":{"line":251,"column":27},"end":{"line":251,"column":null}},"type":"binary-expr","locations":[{"start":{"line":251,"column":27},"end":{"line":251,"column":null}},{"start":{"line":251,"column":27},"end":{"line":258,"column":null}}]},"21":{"loc":{"start":{"line":260,"column":24},"end":{"line":260,"column":null}},"type":"binary-expr","locations":[{"start":{"line":260,"column":24},"end":{"line":260,"column":null}},{"start":{"line":260,"column":24},"end":{"line":265,"column":null}}]},"22":{"loc":{"start":{"line":271,"column":27},"end":{"line":271,"column":null}},"type":"binary-expr","locations":[{"start":{"line":271,"column":27},"end":{"line":271,"column":null}},{"start":{"line":271,"column":27},"end":{"line":277,"column":null}}]},"23":{"loc":{"start":{"line":276,"column":51},"end":{"line":276,"column":59}},"type":"cond-expr","locations":[{"start":{"line":276,"column":51},"end":{"line":276,"column":59}},{"start":{"line":276,"column":62},"end":{"line":276,"column":75}}]}},"s":{"0":2,"1":2,"2":2,"3":2,"4":2,"5":2,"6":57,"7":57,"8":57,"9":57,"10":57,"11":57,"12":57,"13":57,"14":57,"15":57,"16":57,"17":57,"18":57,"19":57,"20":57,"21":57,"22":57,"23":57,"24":27,"25":57,"26":27,"27":27,"28":27,"29":0,"30":57,"31":27,"32":27,"33":27,"34":0,"35":57,"36":27,"37":27,"38":27,"39":0,"40":57,"41":2,"42":2,"43":2,"44":57,"45":2,"46":2,"47":2,"48":2,"49":2,"50":2,"51":2,"52":2,"53":2,"54":2,"55":2,"56":2,"57":2,"58":2,"59":2,"60":2,"61":228},"f":{"0":57,"1":27,"2":27,"3":27,"4":27,"5":57,"6":228},"b":{"0":[27,0],"1":[27,0],"2":[27,0],"3":[2,2],"4":[2,2],"5":[57,3],"6":[3,2],"7":[2,2],"8":[2,2],"9":[2,2],"10":[2,2],"11":[2,2],"12":[2,2],"13":[2,2],"14":[2,2],"15":[2,2],"16":[2,2],"17":[2,2],"18":[2,2],"19":[2,2],"20":[2,2],"21":[2,2],"22":[2,2],"23":[3,225]}}
,"C:\\Users\\Joe\\source\\repos\\credit-card\\src\\components\\expiry-input.tsx": {"path":"C:\\Users\\Joe\\source\\repos\\credit-card\\src\\components\\expiry-input.tsx","statementMap":{"0":{"start":{"line":1,"column":0},"end":{"line":1,"column":68}},"1":{"start":{"line":3,"column":0},"end":{"line":3,"column":37}},"2":{"start":{"line":4,"column":0},"end":{"line":4,"column":37}},"3":{"start":{"line":5,"column":0},"end":{"line":5,"column":52}},"4":{"start":{"line":6,"column":0},"end":{"line":6,"column":49}},"5":{"start":{"line":7,"column":0},"end":{"line":7,"column":61}},"6":{"start":{"line":8,"column":0},"end":{"line":8,"column":52}},"7":{"start":{"line":10,"column":0},"end":{"line":10,"column":60}},"8":{"start":{"line":12,"column":37},"end":{"line":64,"column":1}},"9":{"start":{"line":12,"column":44},"end":{"line":12,"column":46}},"10":{"start":{"line":12,"column":60},"end":{"line":12,"column":62}},"11":{"start":{"line":12,"column":72},"end":{"line":12,"column":74}},"12":{"start":{"line":12,"column":88},"end":{"line":12,"column":90}},"13":{"start":{"line":13,"column":26},"end":{"line":13,"column":62}},"14":{"start":{"line":13,"column":14},"end":{"line":13,"column":16}},"15":{"start":{"line":13,"column":22},"end":{"line":13,"column":26}},"16":{"start":{"line":15,"column":4},"end":{"line":26,"column":14}},"17":{"start":{"line":16,"column":21},"end":{"line":16,"column":23}},"18":{"start":{"line":18,"column":8},"end":{"line":23,"column":null}},"19":{"start":{"line":19,"column":12},"end":{"line":19,"column":39}},"20":{"start":{"line":21,"column":26},"end":{"line":21,"column":45}},"21":{"start":{"line":22,"column":12},"end":{"line":22,"column":51}},"22":{"start":{"line":25,"column":8},"end":{"line":25,"column":null}},"23":{"start":{"line":28,"column":26},"end":{"line":44,"column":5}},"24":{"start":{"line":29,"column":25},"end":{"line":29,"column":39}},"25":{"start":{"line":31,"column":8},"end":{"line":34,"column":null}},"26":{"start":{"line":32,"column":12},"end":{"line":32,"column":23}},"27":{"start":{"line":33,"column":12},"end":{"line":33,"column":19}},"28":{"start":{"line":36,"column":33},"end":{"line":36,"column":64}},"29":{"start":{"line":37,"column":28},"end":{"line":37,"column":61}},"30":{"start":{"line":39,"column":8},"end":{"line":41,"column":null}},"31":{"start":{"line":40,"column":12},"end":{"line":40,"column":54}},"32":{"start":{"line":43,"column":8},"end":{"line":43,"column":40}},"33":{"start":{"line":46,"column":4},"end":{"line":63,"column":6}},"34":{"start":{"line":58,"column":34},"end":{"line":58,"column":null}},"35":{"start":{"line":59,"column":35},"end":{"line":59,"column":59}},"36":{"start":{"line":66,"column":0},"end":{"line":66,"column":27}}},"fnMap":{"0":{"name":"(anonymous_7)","decl":{"start":{"line":12,"column":37},"end":{"line":12,"column":38}},"loc":{"start":{"line":12,"column":90},"end":{"line":64,"column":1}}},"1":{"name":"(anonymous_8)","decl":{"start":{"line":15,"column":14},"end":{"line":15,"column":null}},"loc":{"start":{"line":15,"column":14},"end":{"line":26,"column":5}}},"2":{"name":"(anonymous_9)","decl":{"start":{"line":28,"column":26},"end":{"line":28,"column":27}},"loc":{"start":{"line":28,"column":59},"end":{"line":44,"column":5}}},"3":{"name":"(anonymous_10)","decl":{"start":{"line":58,"column":28},"end":{"line":58,"column":34}},"loc":{"start":{"line":58,"column":28},"end":{"line":58,"column":48}}},"4":{"name":"(anonymous_11)","decl":{"start":{"line":59,"column":29},"end":{"line":59,"column":35}},"loc":{"start":{"line":59,"column":29},"end":{"line":59,"column":49}}}},"branchMap":{"0":{"loc":{"start":{"line":13,"column":36},"end":{"line":13,"column":40}},"type":"binary-expr","locations":[{"start":{"line":13,"column":36},"end":{"line":13,"column":40}},{"start":{"line":13,"column":44},"end":{"line":13,"column":54}},{"start":{"line":13,"column":59},"end":{"line":13,"column":61}}]},"1":{"loc":{"start":{"line":18,"column":8},"end":{"line":23,"column":null}},"type":"if","locations":[{"start":{"line":18,"column":8},"end":{"line":23,"column":null}},{"start":{"line":18,"column":8},"end":{"line":23,"column":null}}]},"2":{"loc":{"start":{"line":22,"column":29},"end":{"line":22,"column":31}},"type":"cond-expr","locations":[{"start":{"line":22,"column":29},"end":{"line":22,"column":31}},{"start":{"line":22,"column":34},"end":{"line":22,"column":50}}]},"3":{"loc":{"start":{"line":31,"column":8},"end":{"line":34,"column":null}},"type":"if","locations":[{"start":{"line":31,"column":8},"end":{"line":34,"column":null}},{"start":{"line":31,"column":8},"end":{"line":34,"column":null}}]},"4":{"loc":{"start":{"line":39,"column":8},"end":{"line":41,"column":null}},"type":"if","locations":[{"start":{"line":39,"column":8},"end":{"line":41,"column":null}},{"start":{"line":39,"column":8},"end":{"line":41,"column":null}}]},"5":{"loc":{"start":{"line":47,"column":49},"end":{"line":47,"column":59}},"type":"binary-expr","locations":[{"start":{"line":47,"column":49},"end":{"line":47,"column":59}},{"start":{"line":47,"column":63},"end":{"line":47,"column":69}},{"start":{"line":47,"column":73},"end":{"line":47,"column":86}}]},"6":{"loc":{"start":{"line":61,"column":13},"end":{"line":61,"column":23}},"type":"binary-expr","locations":[{"start":{"line":61,"column":13},"end":{"line":61,"column":23}},{"start":{"line":61,"column":27},"end":{"line":61,"column":33}},{"start":{"line":61,"column":37},"end":{"line":61,"column":50}},{"start":{"line":61,"column":54},"end":{"line":61,"column":96}}]}},"s":{"0":2,"1":2,"2":2,"3":2,"4":2,"5":2,"6":2,"7":2,"8":2,"9":48,"10":48,"11":48,"12":48,"13":48,"14":48,"15":48,"16":48,"17":27,"18":27,"19":25,"20":2,"21":2,"22":27,"23":48,"24":2,"25":2,"26":0,"27":0,"28":2,"29":2,"30":2,"31":0,"32":2,"33":48,"34":1,"35":2,"36":2},"f":{"0":48,"1":27,"2":2,"3":1,"4":2},"b":{"0":[48,39,47],"1":[25,2],"2":[0,2],"3":[0,2],"4":[0,2],"5":[48,2,2],"6":[48,2,2,1]}}
,"C:\\Users\\Joe\\source\\repos\\credit-card\\src\\components\\focus-outline.tsx": {"path":"C:\\Users\\Joe\\source\\repos\\credit-card\\src\\components\\focus-outline.tsx","statementMap":{"0":{"start":{"line":1,"column":0},"end":{"line":1,"column":90}},"1":{"start":{"line":2,"column":0},"end":{"line":2,"column":39}},"2":{"start":{"line":10,"column":45},"end":{"line":42,"column":1}},"3":{"start":{"line":10,"column":56},"end":{"line":10,"column":58}},"4":{"start":{"line":10,"column":65},"end":{"line":10,"column":67}},"5":{"start":{"line":10,"column":73},"end":{"line":10,"column":75}},"6":{"start":{"line":11,"column":30},"end":{"line":11,"column":58}},"7":{"start":{"line":11,"column":16},"end":{"line":11,"column":18}},"8":{"start":{"line":11,"column":26},"end":{"line":11,"column":30}},"9":{"start":{"line":13,"column":4},"end":{"line":18,"column":29}},"10":{"start":{"line":14,"column":8},"end":{"line":17,"column":null}},"11":{"start":{"line":15,"column":25},"end":{"line":15,"column":66}},"12":{"start":{"line":16,"column":12},"end":{"line":16,"column":94}},"13":{"start":{"line":20,"column":4},"end":{"line":37,"column":26}},"14":{"start":{"line":21,"column":8},"end":{"line":36,"column":null}},"15":{"start":{"line":23,"column":37},"end":{"line":23,"column":39}},"16":{"start":{"line":24,"column":35},"end":{"line":24,"column":37}},"17":{"start":{"line":26,"column":25},"end":{"line":26,"column":64}},"18":{"start":{"line":27,"column":34},"end":{"line":27,"column":75}},"19":{"start":{"line":29,"column":12},"end":{"line":35,"column":15}},"20":{"start":{"line":39,"column":4},"end":{"line":41,"column":6}},"21":{"start":{"line":44,"column":0},"end":{"line":44,"column":28}},"22":{"start":{"line":55,"column":16},"end":{"line":66,"column":null}},"23":{"start":{"line":62,"column":39},"end":{"line":62,"column":null}},"24":{"start":{"line":63,"column":34},"end":{"line":63,"column":null}},"25":{"start":{"line":64,"column":35},"end":{"line":64,"column":null}},"26":{"start":{"line":65,"column":32},"end":{"line":65,"column":null}},"27":{"start":{"line":66,"column":33},"end":{"line":66,"column":null}}},"fnMap":{"0":{"name":"(anonymous_10)","decl":{"start":{"line":10,"column":45},"end":{"line":10,"column":46}},"loc":{"start":{"line":10,"column":75},"end":{"line":42,"column":1}}},"1":{"name":"(anonymous_11)","decl":{"start":{"line":13,"column":14},"end":{"line":13,"column":null}},"loc":{"start":{"line":13,"column":14},"end":{"line":18,"column":5}}},"2":{"name":"(anonymous_12)","decl":{"start":{"line":20,"column":14},"end":{"line":20,"column":null}},"loc":{"start":{"line":20,"column":14},"end":{"line":37,"column":5}}},"3":{"name":"(anonymous_13)","decl":{"start":{"line":62,"column":18},"end":{"line":62,"column":19}},"loc":{"start":{"line":62,"column":34},"end":{"line":62,"column":40}}},"4":{"name":"(anonymous_14)","decl":{"start":{"line":63,"column":13},"end":{"line":63,"column":14}},"loc":{"start":{"line":63,"column":29},"end":{"line":63,"column":35}}},"5":{"name":"(anonymous_15)","decl":{"start":{"line":64,"column":14},"end":{"line":64,"column":15}},"loc":{"start":{"line":64,"column":30},"end":{"line":64,"column":36}}},"6":{"name":"(anonymous_16)","decl":{"start":{"line":65,"column":11},"end":{"line":65,"column":12}},"loc":{"start":{"line":65,"column":27},"end":{"line":65,"column":33}}},"7":{"name":"(anonymous_17)","decl":{"start":{"line":66,"column":12},"end":{"line":66,"column":13}},"loc":{"start":{"line":66,"column":28},"end":{"line":66,"column":34}}}},"branchMap":{"0":{"loc":{"start":{"line":14,"column":8},"end":{"line":17,"column":null}},"type":"if","locations":[{"start":{"line":14,"column":8},"end":{"line":17,"column":null}},{"start":{"line":14,"column":8},"end":{"line":17,"column":null}}]},"1":{"loc":{"start":{"line":14,"column":11},"end":{"line":14,"column":20}},"type":"binary-expr","locations":[{"start":{"line":14,"column":11},"end":{"line":14,"column":20}},{"start":{"line":14,"column":24},"end":{"line":14,"column":41}},{"start":{"line":14,"column":46},"end":{"line":14,"column":54}},{"start":{"line":14,"column":58},"end":{"line":14,"column":74}}]},"2":{"loc":{"start":{"line":21,"column":8},"end":{"line":36,"column":null}},"type":"if","locations":[{"start":{"line":21,"column":8},"end":{"line":36,"column":null}},{"start":{"line":21,"column":8},"end":{"line":36,"column":null}}]},"3":{"loc":{"start":{"line":21,"column":11},"end":{"line":21,"column":18}},"type":"binary-expr","locations":[{"start":{"line":21,"column":11},"end":{"line":21,"column":18}},{"start":{"line":21,"column":22},"end":{"line":21,"column":37}}]},"4":{"loc":{"start":{"line":55,"column":26},"end":{"line":55,"column":null}},"type":"binary-expr","locations":[{"start":{"line":55,"column":26},"end":{"line":55,"column":null}},{"start":{"line":55,"column":26},"end":{"line":67,"column":null}}]},"5":{"loc":{"start":{"line":62,"column":48},"end":{"line":62,"column":57}},"type":"cond-expr","locations":[{"start":{"line":62,"column":48},"end":{"line":62,"column":57}},{"start":{"line":62,"column":60},"end":{"line":62,"column":68}}]}},"s":{"0":1,"1":1,"2":1,"3":4,"4":4,"5":4,"6":4,"7":4,"8":4,"9":4,"10":2,"11":1,"12":1,"13":4,"14":2,"15":1,"16":1,"17":1,"18":1,"19":1,"20":4,"21":1,"22":1,"23":4,"24":4,"25":4,"26":4,"27":4},"f":{"0":4,"1":2,"2":2,"3":4,"4":4,"5":4,"6":4,"7":4},"b":{"0":[1,1],"1":[2,2,2,1],"2":[1,1],"3":[2,1],"4":[1,1],"5":[1,3]}}
,"C:\\Users\\Joe\\source\\repos\\credit-card\\src\\components\\long-number-input.tsx": {"path":"C:\\Users\\Joe\\source\\repos\\credit-card\\src\\components\\long-number-input.tsx","statementMap":{"0":{"start":{"line":1,"column":0},"end":{"line":1,"column":76}},"1":{"start":{"line":2,"column":0},"end":{"line":2,"column":37}},"2":{"start":{"line":3,"column":0},"end":{"line":3,"column":37}},"3":{"start":{"line":5,"column":0},"end":{"line":5,"column":56}},"4":{"start":{"line":6,"column":0},"end":{"line":6,"column":52}},"5":{"start":{"line":7,"column":0},"end":{"line":7,"column":52}},"6":{"start":{"line":8,"column":0},"end":{"line":8,"column":46}},"7":{"start":{"line":9,"column":0},"end":{"line":9,"column":61}},"8":{"start":{"line":11,"column":41},"end":{"line":59,"column":1}},"9":{"start":{"line":11,"column":48},"end":{"line":11,"column":50}},"10":{"start":{"line":11,"column":64},"end":{"line":11,"column":66}},"11":{"start":{"line":11,"column":76},"end":{"line":11,"column":78}},"12":{"start":{"line":11,"column":92},"end":{"line":11,"column":94}},"13":{"start":{"line":12,"column":26},"end":{"line":12,"column":62}},"14":{"start":{"line":12,"column":14},"end":{"line":12,"column":16}},"15":{"start":{"line":12,"column":22},"end":{"line":12,"column":26}},"16":{"start":{"line":13,"column":21},"end":{"line":13,"column":51}},"17":{"start":{"line":15,"column":4},"end":{"line":19,"column":14}},"18":{"start":{"line":17,"column":22},"end":{"line":17,"column":61}},"19":{"start":{"line":18,"column":8},"end":{"line":18,"column":118}},"20":{"start":{"line":21,"column":26},"end":{"line":38,"column":5}},"21":{"start":{"line":23,"column":23},"end":{"line":23,"column":41}},"22":{"start":{"line":25,"column":8},"end":{"line":28,"column":null}},"23":{"start":{"line":26,"column":12},"end":{"line":26,"column":23}},"24":{"start":{"line":27,"column":12},"end":{"line":27,"column":19}},"25":{"start":{"line":30,"column":30},"end":{"line":30,"column":55}},"26":{"start":{"line":31,"column":29},"end":{"line":31,"column":59}},"27":{"start":{"line":33,"column":8},"end":{"line":35,"column":null}},"28":{"start":{"line":34,"column":12},"end":{"line":34,"column":56}},"29":{"start":{"line":37,"column":8},"end":{"line":37,"column":41}},"30":{"start":{"line":40,"column":4},"end":{"line":58,"column":6}},"31":{"start":{"line":53,"column":34},"end":{"line":53,"column":null}},"32":{"start":{"line":54,"column":35},"end":{"line":54,"column":59}},"33":{"start":{"line":61,"column":0},"end":{"line":61,"column":31}}},"fnMap":{"0":{"name":"(anonymous_7)","decl":{"start":{"line":11,"column":41},"end":{"line":11,"column":42}},"loc":{"start":{"line":11,"column":94},"end":{"line":59,"column":1}}},"1":{"name":"(anonymous_8)","decl":{"start":{"line":15,"column":14},"end":{"line":15,"column":null}},"loc":{"start":{"line":15,"column":14},"end":{"line":19,"column":5}}},"2":{"name":"(anonymous_9)","decl":{"start":{"line":21,"column":26},"end":{"line":21,"column":27}},"loc":{"start":{"line":21,"column":63},"end":{"line":38,"column":5}}},"3":{"name":"(anonymous_10)","decl":{"start":{"line":53,"column":28},"end":{"line":53,"column":34}},"loc":{"start":{"line":53,"column":28},"end":{"line":53,"column":48}}},"4":{"name":"(anonymous_11)","decl":{"start":{"line":54,"column":29},"end":{"line":54,"column":35}},"loc":{"start":{"line":54,"column":29},"end":{"line":54,"column":49}}}},"branchMap":{"0":{"loc":{"start":{"line":12,"column":36},"end":{"line":12,"column":40}},"type":"binary-expr","locations":[{"start":{"line":12,"column":36},"end":{"line":12,"column":40}},{"start":{"line":12,"column":44},"end":{"line":12,"column":54}},{"start":{"line":12,"column":59},"end":{"line":12,"column":61}}]},"1":{"loc":{"start":{"line":18,"column":69},"end":{"line":18,"column":86}},"type":"cond-expr","locations":[{"start":{"line":18,"column":69},"end":{"line":18,"column":86}},{"start":{"line":18,"column":89},"end":{"line":18,"column":115}}]},"2":{"loc":{"start":{"line":18,"column":89},"end":{"line":18,"column":95}},"type":"binary-expr","locations":[{"start":{"line":18,"column":89},"end":{"line":18,"column":95}},{"start":{"line":18,"column":99},"end":{"line":18,"column":115}}]},"3":{"loc":{"start":{"line":25,"column":8},"end":{"line":28,"column":null}},"type":"if","locations":[{"start":{"line":25,"column":8},"end":{"line":28,"column":null}},{"start":{"line":25,"column":8},"end":{"line":28,"column":null}}]},"4":{"loc":{"start":{"line":33,"column":8},"end":{"line":35,"column":null}},"type":"if","locations":[{"start":{"line":33,"column":8},"end":{"line":35,"column":null}},{"start":{"line":33,"column":8},"end":{"line":35,"column":null}}]},"5":{"loc":{"start":{"line":41,"column":54},"end":{"line":41,"column":64}},"type":"binary-expr","locations":[{"start":{"line":41,"column":54},"end":{"line":41,"column":64}},{"start":{"line":41,"column":68},"end":{"line":41,"column":74}},{"start":{"line":41,"column":78},"end":{"line":41,"column":91}}]},"6":{"loc":{"start":{"line":56,"column":13},"end":{"line":56,"column":23}},"type":"binary-expr","locations":[{"start":{"line":56,"column":13},"end":{"line":56,"column":23}},{"start":{"line":56,"column":27},"end":{"line":56,"column":33}},{"start":{"line":56,"column":37},"end":{"line":56,"column":50}},{"start":{"line":56,"column":54},"end":{"line":56,"column":96}}]}},"s":{"0":2,"1":2,"2":2,"3":2,"4":2,"5":2,"6":2,"7":2,"8":2,"9":47,"10":47,"11":47,"12":47,"13":47,"14":47,"15":47,"16":47,"17":47,"18":26,"19":26,"20":47,"21":5,"22":5,"23":1,"24":1,"25":4,"26":4,"27":4,"28":1,"29":4,"30":47,"31":1,"32":2,"33":2},"f":{"0":47,"1":26,"2":5,"3":1,"4":2},"b":{"0":[47,36,46],"1":[22,4],"2":[4,4],"3":[1,4],"4":[1,3],"5":[47,0,0],"6":[47,0,0,0]}}
,"C:\\Users\\Joe\\source\\repos\\credit-card\\src\\components\\name-input.tsx": {"path":"C:\\Users\\Joe\\source\\repos\\credit-card\\src\\components\\name-input.tsx","statementMap":{"0":{"start":{"line":1,"column":0},"end":{"line":1,"column":55}},"1":{"start":{"line":3,"column":0},"end":{"line":3,"column":37}},"2":{"start":{"line":4,"column":0},"end":{"line":4,"column":37}},"3":{"start":{"line":5,"column":0},"end":{"line":5,"column":52}},"4":{"start":{"line":6,"column":0},"end":{"line":6,"column":47}},"5":{"start":{"line":7,"column":0},"end":{"line":7,"column":61}},"6":{"start":{"line":8,"column":0},"end":{"line":8,"column":52}},"7":{"start":{"line":14,"column":39},"end":{"line":44,"column":1}},"8":{"start":{"line":14,"column":51},"end":{"line":14,"column":53}},"9":{"start":{"line":14,"column":57},"end":{"line":14,"column":59}},"10":{"start":{"line":14,"column":73},"end":{"line":14,"column":75}},"11":{"start":{"line":14,"column":90},"end":{"line":14,"column":92}},"12":{"start":{"line":14,"column":106},"end":{"line":14,"column":108}},"13":{"start":{"line":15,"column":26},"end":{"line":15,"column":62}},"14":{"start":{"line":15,"column":14},"end":{"line":15,"column":16}},"15":{"start":{"line":15,"column":22},"end":{"line":15,"column":26}},"16":{"start":{"line":17,"column":4},"end":{"line":20,"column":14}},"17":{"start":{"line":18,"column":22},"end":{"line":18,"column":36}},"18":{"start":{"line":19,"column":8},"end":{"line":19,"column":null}},"19":{"start":{"line":22,"column":26},"end":{"line":24,"column":5}},"20":{"start":{"line":23,"column":8},"end":{"line":23,"column":31}},"21":{"start":{"line":26,"column":4},"end":{"line":43,"column":null}},"22":{"start":{"line":38,"column":34},"end":{"line":38,"column":null}},"23":{"start":{"line":39,"column":35},"end":{"line":39,"column":59}},"24":{"start":{"line":46,"column":0},"end":{"line":46,"column":25}}},"fnMap":{"0":{"name":"(anonymous_7)","decl":{"start":{"line":14,"column":39},"end":{"line":14,"column":40}},"loc":{"start":{"line":14,"column":108},"end":{"line":44,"column":1}}},"1":{"name":"(anonymous_8)","decl":{"start":{"line":17,"column":14},"end":{"line":17,"column":null}},"loc":{"start":{"line":17,"column":14},"end":{"line":20,"column":5}}},"2":{"name":"(anonymous_9)","decl":{"start":{"line":22,"column":26},"end":{"line":22,"column":27}},"loc":{"start":{"line":22,"column":65},"end":{"line":24,"column":5}}},"3":{"name":"(anonymous_10)","decl":{"start":{"line":38,"column":28},"end":{"line":38,"column":34}},"loc":{"start":{"line":38,"column":28},"end":{"line":38,"column":48}}},"4":{"name":"(anonymous_11)","decl":{"start":{"line":39,"column":29},"end":{"line":39,"column":35}},"loc":{"start":{"line":39,"column":29},"end":{"line":39,"column":49}}}},"branchMap":{"0":{"loc":{"start":{"line":15,"column":36},"end":{"line":15,"column":40}},"type":"binary-expr","locations":[{"start":{"line":15,"column":36},"end":{"line":15,"column":40}},{"start":{"line":15,"column":44},"end":{"line":15,"column":54}},{"start":{"line":15,"column":59},"end":{"line":15,"column":61}}]},"1":{"loc":{"start":{"line":19,"column":52},"end":{"line":19,"column":58}},"type":"binary-expr","locations":[{"start":{"line":19,"column":52},"end":{"line":19,"column":58}},{"start":{"line":19,"column":62},"end":{"line":19,"column":77}}]},"2":{"loc":{"start":{"line":27,"column":47},"end":{"line":27,"column":57}},"type":"binary-expr","locations":[{"start":{"line":27,"column":47},"end":{"line":27,"column":57}},{"start":{"line":27,"column":61},"end":{"line":27,"column":67}},{"start":{"line":27,"column":71},"end":{"line":27,"column":84}}]},"3":{"loc":{"start":{"line":41,"column":13},"end":{"line":41,"column":23}},"type":"binary-expr","locations":[{"start":{"line":41,"column":13},"end":{"line":41,"column":23}},{"start":{"line":41,"column":27},"end":{"line":41,"column":33}},{"start":{"line":41,"column":37},"end":{"line":41,"column":50}},{"start":{"line":41,"column":54},"end":{"line":41,"column":96}}]}},"s":{"0":1,"1":1,"2":1,"3":1,"4":1,"5":1,"6":1,"7":1,"8":36,"9":36,"10":36,"11":36,"12":36,"13":36,"14":36,"15":36,"16":36,"17":15,"18":15,"19":36,"20":1,"21":36,"22":0,"23":0,"24":1},"f":{"0":36,"1":15,"2":1,"3":0,"4":0},"b":{"0":[36,36,35],"1":[15,14],"2":[36,0,0],"3":[36,0,0,0]}}
,"C:\\Users\\Joe\\source\\repos\\credit-card\\src\\components\\security-input.tsx": {"path":"C:\\Users\\Joe\\source\\repos\\credit-card\\src\\components\\security-input.tsx","statementMap":{"0":{"start":{"line":1,"column":0},"end":{"line":1,"column":55}},"1":{"start":{"line":3,"column":0},"end":{"line":3,"column":37}},"2":{"start":{"line":4,"column":0},"end":{"line":4,"column":37}},"3":{"start":{"line":5,"column":0},"end":{"line":5,"column":52}},"4":{"start":{"line":6,"column":0},"end":{"line":6,"column":39}},"5":{"start":{"line":7,"column":0},"end":{"line":7,"column":61}},"6":{"start":{"line":8,"column":0},"end":{"line":8,"column":52}},"7":{"start":{"line":10,"column":39},"end":{"line":40,"column":1}},"8":{"start":{"line":10,"column":51},"end":{"line":10,"column":53}},"9":{"start":{"line":10,"column":57},"end":{"line":10,"column":59}},"10":{"start":{"line":10,"column":73},"end":{"line":10,"column":75}},"11":{"start":{"line":10,"column":89},"end":{"line":10,"column":90}},"12":{"start":{"line":11,"column":26},"end":{"line":11,"column":62}},"13":{"start":{"line":11,"column":14},"end":{"line":11,"column":16}},"14":{"start":{"line":11,"column":22},"end":{"line":11,"column":26}},"15":{"start":{"line":13,"column":4},"end":{"line":16,"column":14}},"16":{"start":{"line":14,"column":22},"end":{"line":14,"column":36}},"17":{"start":{"line":15,"column":8},"end":{"line":15,"column":null}},"18":{"start":{"line":18,"column":26},"end":{"line":20,"column":5}},"19":{"start":{"line":19,"column":8},"end":{"line":19,"column":31}},"20":{"start":{"line":22,"column":4},"end":{"line":39,"column":null}},"21":{"start":{"line":34,"column":34},"end":{"line":34,"column":null}},"22":{"start":{"line":35,"column":35},"end":{"line":35,"column":59}},"23":{"start":{"line":42,"column":0},"end":{"line":42,"column":29}}},"fnMap":{"0":{"name":"(anonymous_7)","decl":{"start":{"line":10,"column":39},"end":{"line":10,"column":40}},"loc":{"start":{"line":10,"column":90},"end":{"line":40,"column":1}}},"1":{"name":"(anonymous_8)","decl":{"start":{"line":13,"column":14},"end":{"line":13,"column":null}},"loc":{"start":{"line":13,"column":14},"end":{"line":16,"column":5}}},"2":{"name":"(anonymous_9)","decl":{"start":{"line":18,"column":26},"end":{"line":18,"column":27}},"loc":{"start":{"line":18,"column":65},"end":{"line":20,"column":5}}},"3":{"name":"(anonymous_10)","decl":{"start":{"line":34,"column":28},"end":{"line":34,"column":34}},"loc":{"start":{"line":34,"column":28},"end":{"line":34,"column":48}}},"4":{"name":"(anonymous_11)","decl":{"start":{"line":35,"column":29},"end":{"line":35,"column":35}},"loc":{"start":{"line":35,"column":29},"end":{"line":35,"column":49}}}},"branchMap":{"0":{"loc":{"start":{"line":11,"column":36},"end":{"line":11,"column":40}},"type":"binary-expr","locations":[{"start":{"line":11,"column":36},"end":{"line":11,"column":40}},{"start":{"line":11,"column":44},"end":{"line":11,"column":54}},{"start":{"line":11,"column":59},"end":{"line":11,"column":61}}]},"1":{"loc":{"start":{"line":15,"column":52},"end":{"line":15,"column":58}},"type":"binary-expr","locations":[{"start":{"line":15,"column":52},"end":{"line":15,"column":58}},{"start":{"line":15,"column":62},"end":{"line":15,"column":76}}]},"2":{"loc":{"start":{"line":23,"column":51},"end":{"line":23,"column":61}},"type":"binary-expr","locations":[{"start":{"line":23,"column":51},"end":{"line":23,"column":61}},{"start":{"line":23,"column":65},"end":{"line":23,"column":71}},{"start":{"line":23,"column":75},"end":{"line":23,"column":88}}]},"3":{"loc":{"start":{"line":37,"column":13},"end":{"line":37,"column":23}},"type":"binary-expr","locations":[{"start":{"line":37,"column":13},"end":{"line":37,"column":23}},{"start":{"line":37,"column":27},"end":{"line":37,"column":33}},{"start":{"line":37,"column":37},"end":{"line":37,"column":50}},{"start":{"line":37,"column":54},"end":{"line":37,"column":96}}]}},"s":{"0":1,"1":1,"2":1,"3":1,"4":1,"5":1,"6":1,"7":1,"8":36,"9":36,"10":36,"11":36,"12":36,"13":36,"14":36,"15":36,"16":15,"17":15,"18":36,"19":1,"20":36,"21":1,"22":2,"23":1},"f":{"0":36,"1":15,"2":1,"3":1,"4":2},"b":{"0":[36,36,35],"1":[15,14],"2":[36,0,0],"3":[36,0,0,0]}}
,"C:\\Users\\Joe\\source\\repos\\credit-card\\src\\style\\form.ts": {"path":"C:\\Users\\Joe\\source\\repos\\credit-card\\src\\style\\form.ts","statementMap":{"0":{"start":{"line":1,"column":0},"end":{"line":1,"column":39}},"1":{"start":{"line":3,"column":13},"end":{"line":14,"column":null}},"2":{"start":{"line":16,"column":0},"end":{"line":16,"column":20}}},"fnMap":{},"branchMap":{"0":{"loc":{"start":{"line":3,"column":24},"end":{"line":3,"column":null}},"type":"binary-expr","locations":[{"start":{"line":3,"column":24},"end":{"line":3,"column":null}},{"start":{"line":3,"column":24},"end":{"line":14,"column":null}}]}},"s":{"0":1,"1":1,"2":1},"f":{},"b":{"0":[1,1]}}
,"C:\\Users\\Joe\\source\\repos\\credit-card\\src\\style\\inline-input-wrapper.ts": {"path":"C:\\Users\\Joe\\source\\repos\\credit-card\\src\\style\\inline-input-wrapper.ts","statementMap":{"0":{"start":{"line":1,"column":0},"end":{"line":1,"column":39}},"1":{"start":{"line":3,"column":27},"end":{"line":11,"column":null}},"2":{"start":{"line":13,"column":0},"end":{"line":13,"column":34}}},"fnMap":{},"branchMap":{"0":{"loc":{"start":{"line":3,"column":37},"end":{"line":3,"column":null}},"type":"binary-expr","locations":[{"start":{"line":3,"column":37},"end":{"line":3,"column":null}},{"start":{"line":3,"column":37},"end":{"line":11,"column":null}}]}},"s":{"0":1,"1":1,"2":1},"f":{},"b":{"0":[1,1]}}
,"C:\\Users\\Joe\\source\\repos\\credit-card\\src\\style\\input-icon-wrapper.ts": {"path":"C:\\Users\\Joe\\source\\repos\\credit-card\\src\\style\\input-icon-wrapper.ts","statementMap":{"0":{"start":{"line":1,"column":0},"end":{"line":1,"column":39}},"1":{"start":{"line":3,"column":25},"end":{"line":12,"column":null}},"2":{"start":{"line":14,"column":0},"end":{"line":14,"column":32}}},"fnMap":{},"branchMap":{"0":{"loc":{"start":{"line":3,"column":35},"end":{"line":3,"column":null}},"type":"binary-expr","locations":[{"start":{"line":3,"column":35},"end":{"line":3,"column":null}},{"start":{"line":3,"column":35},"end":{"line":12,"column":null}}]}},"s":{"0":3,"1":3,"2":3},"f":{},"b":{"0":[3,3]}}
,"C:\\Users\\Joe\\source\\repos\\credit-card\\src\\style\\input-message.ts": {"path":"C:\\Users\\Joe\\source\\repos\\credit-card\\src\\style\\input-message.ts","statementMap":{"0":{"start":{"line":1,"column":0},"end":{"line":1,"column":39}},"1":{"start":{"line":3,"column":21},"end":{"line":7,"column":null}},"2":{"start":{"line":9,"column":0},"end":{"line":9,"column":28}}},"fnMap":{},"branchMap":{"0":{"loc":{"start":{"line":3,"column":32},"end":{"line":3,"column":null}},"type":"binary-expr","locations":[{"start":{"line":3,"column":32},"end":{"line":3,"column":null}},{"start":{"line":3,"column":32},"end":{"line":7,"column":null}}]}},"s":{"0":3,"1":3,"2":3},"f":{},"b":{"0":[3,3]}}
,"C:\\Users\\Joe\\source\\repos\\credit-card\\src\\style\\input-wrapper.ts": {"path":"C:\\Users\\Joe\\source\\repos\\credit-card\\src\\style\\input-wrapper.ts","statementMap":{"0":{"start":{"line":1,"column":0},"end":{"line":1,"column":46}},"1":{"start":{"line":7,"column":21},"end":{"line":20,"column":null}},"2":{"start":{"line":12,"column":32},"end":{"line":20,"column":null}},"3":{"start":{"line":23,"column":0},"end":{"line":23,"column":28}}},"fnMap":{"0":{"name":"(anonymous_7)","decl":{"start":{"line":12,"column":6},"end":{"line":12,"column":7}},"loc":{"start":{"line":12,"column":27},"end":{"line":12,"column":33}}}},"branchMap":{"0":{"loc":{"start":{"line":7,"column":31},"end":{"line":7,"column":null}},"type":"binary-expr","locations":[{"start":{"line":7,"column":31},"end":{"line":7,"column":null}},{"start":{"line":7,"column":31},"end":{"line":21,"column":null}}]},"1":{"loc":{"start":{"line":12,"column":32},"end":{"line":12,"column":39}},"type":"binary-expr","locations":[{"start":{"line":12,"column":32},"end":{"line":12,"column":39}},{"start":{"line":12,"column":43},"end":{"line":20,"column":null}}]},"2":{"loc":{"start":{"line":12,"column":46},"end":{"line":12,"column":null}},"type":"binary-expr","locations":[{"start":{"line":12,"column":46},"end":{"line":12,"column":null}},{"start":{"line":12,"column":46},"end":{"line":20,"column":null}}]}},"s":{"0":3,"1":3,"2":167,"3":3},"f":{"0":167},"b":{"0":[3,3],"1":[167,1],"2":[1,1]}}
,"C:\\Users\\Joe\\source\\repos\\credit-card\\src\\style\\input.ts": {"path":"C:\\Users\\Joe\\source\\repos\\credit-card\\src\\style\\input.ts","statementMap":{"0":{"start":{"line":1,"column":0},"end":{"line":1,"column":39}},"1":{"start":{"line":3,"column":14},"end":{"line":18,"column":null}},"2":{"start":{"line":20,"column":0},"end":{"line":20,"column":21}}},"fnMap":{},"branchMap":{"0":{"loc":{"start":{"line":3,"column":26},"end":{"line":3,"column":null}},"type":"binary-expr","locations":[{"start":{"line":3,"column":26},"end":{"line":3,"column":null}},{"start":{"line":3,"column":26},"end":{"line":18,"column":null}}]}},"s":{"0":3,"1":3,"2":3},"f":{},"b":{"0":[3,3]}}
,"C:\\Users\\Joe\\source\\repos\\credit-card\\src\\style\\label.ts": {"path":"C:\\Users\\Joe\\source\\repos\\credit-card\\src\\style\\label.ts","statementMap":{"0":{"start":{"line":1,"column":0},"end":{"line":1,"column":39}},"1":{"start":{"line":3,"column":14},"end":{"line":7,"column":null}},"2":{"start":{"line":9,"column":0},"end":{"line":9,"column":21}}},"fnMap":{},"branchMap":{"0":{"loc":{"start":{"line":3,"column":26},"end":{"line":3,"column":null}},"type":"binary-expr","locations":[{"start":{"line":3,"column":26},"end":{"line":3,"column":null}},{"start":{"line":3,"column":26},"end":{"line":7,"column":null}}]}},"s":{"0":3,"1":3,"2":3},"f":{},"b":{"0":[3,3]}}
,"C:\\Users\\Joe\\source\\repos\\credit-card\\src\\style\\submit.ts": {"path":"C:\\Users\\Joe\\source\\repos\\credit-card\\src\\style\\submit.ts","statementMap":{"0":{"start":{"line":1,"column":0},"end":{"line":1,"column":39}},"1":{"start":{"line":3,"column":15},"end":{"line":17,"column":null}},"2":{"start":{"line":19,"column":0},"end":{"line":19,"column":22}}},"fnMap":{},"branchMap":{"0":{"loc":{"start":{"line":3,"column":28},"end":{"line":3,"column":null}},"type":"binary-expr","locations":[{"start":{"line":3,"column":28},"end":{"line":3,"column":null}},{"start":{"line":3,"column":28},"end":{"line":17,"column":null}}]}},"s":{"0":1,"1":1,"2":1},"f":{},"b":{"0":[1,1]}}
,"C:\\Users\\Joe\\source\\repos\\credit-card\\src\\utils\\expiry-validate.ts": {"path":"C:\\Users\\Joe\\source\\repos\\credit-card\\src\\utils\\expiry-validate.ts","statementMap":{"0":{"start":{"line":1,"column":0},"end":{"line":1,"column":28}},"1":{"start":{"line":3,"column":13},"end":{"line":7,"column":null}},"2":{"start":{"line":3,"column":46},"end":{"line":3,"column":null}},"3":{"start":{"line":4,"column":17},"end":{"line":4,"column":45}},"4":{"start":{"line":5,"column":16},"end":{"line":5,"column":65}},"5":{"start":{"line":6,"column":4},"end":{"line":6,"column":63}}},"fnMap":{"0":{"name":"(anonymous_1)","decl":{"start":{"line":3,"column":30},"end":{"line":3,"column":31}},"loc":{"start":{"line":3,"column":76},"end":{"line":7,"column":1}}}},"branchMap":{"0":{"loc":{"start":{"line":3,"column":46},"end":{"line":3,"column":null}},"type":"if","locations":[{"start":{"line":3,"column":46},"end":{"line":3,"column":null}},{"start":{"line":3,"column":46},"end":{"line":3,"column":null}}]},"1":{"loc":{"start":{"line":6,"column":11},"end":{"line":6,"column":25}},"type":"binary-expr","locations":[{"start":{"line":6,"column":11},"end":{"line":6,"column":25}},{"start":{"line":6,"column":29},"end":{"line":6,"column":62}}]}},"s":{"0":3,"1":3,"2":8,"3":6,"4":6,"5":6},"f":{"0":6},"b":{"0":[2,4],"1":[6,3]}}
,"C:\\Users\\Joe\\source\\repos\\credit-card\\src\\utils\\long-number-utils.ts": {"path":"C:\\Users\\Joe\\source\\repos\\credit-card\\src\\utils\\long-number-utils.ts","statementMap":{"0":{"start":{"line":1,"column":13},"end":{"line":24,"column":null}},"1":{"start":{"line":2,"column":4},"end":{"line":4,"column":null}},"2":{"start":{"line":3,"column":8},"end":{"line":3,"column":21}},"3":{"start":{"line":7,"column":18},"end":{"line":7,"column":66}},"4":{"start":{"line":7,"column":54},"end":{"line":7,"column":66}},"5":{"start":{"line":9,"column":4},"end":{"line":11,"column":null}},"6":{"start":{"line":9,"column":23},"end":{"line":9,"column":32}},"7":{"start":{"line":10,"column":8},"end":{"line":10,"column":21}},"8":{"start":{"line":15,"column":23},"end":{"line":15,"column":44}},"9":{"start":{"line":19,"column":16},"end":{"line":20,"column":84}},"10":{"start":{"line":20,"column":8},"end":{"line":20,"column":82}},"11":{"start":{"line":23,"column":4},"end":{"line":23,"column":41}},"12":{"start":{"line":26,"column":13},"end":{"line":43,"column":null}},"13":{"start":{"line":27,"column":4},"end":{"line":29,"column":null}},"14":{"start":{"line":28,"column":8},"end":{"line":28,"column":22}},"15":{"start":{"line":31,"column":20},"end":{"line":31,"column":45}},"16":{"start":{"line":33,"column":19},"end":{"line":37,"column":6}},"17":{"start":{"line":39,"column":4},"end":{"line":42,"column":19}},"18":{"start":{"line":39,"column":34},"end":{"line":39,"column":59}},"19":{"start":{"line":40,"column":40},"end":{"line":40,"column":65}},"20":{"start":{"line":41,"column":34},"end":{"line":41,"column":59}}},"fnMap":{"0":{"name":"(anonymous_0)","decl":{"start":{"line":1,"column":24},"end":{"line":1,"column":25}},"loc":{"start":{"line":1,"column":39},"end":{"line":24,"column":1}}},"1":{"name":"(anonymous_1)","decl":{"start":{"line":7,"column":49},"end":{"line":7,"column":50}},"loc":{"start":{"line":7,"column":50},"end":{"line":7,"column":62}}},"2":{"name":"(anonymous_2)","decl":{"start":{"line":9,"column":18},"end":{"line":9,"column":19}},"loc":{"start":{"line":9,"column":19},"end":{"line":9,"column":28}}},"3":{"name":"(anonymous_3)","decl":{"start":{"line":19,"column":29},"end":{"line":19,"column":30}},"loc":{"start":{"line":19,"column":45},"end":{"line":20,"column":13}}},"4":{"name":"(anonymous_4)","decl":{"start":{"line":26,"column":31},"end":{"line":26,"column":32}},"loc":{"start":{"line":26,"column":46},"end":{"line":43,"column":1}}},"5":{"name":"(anonymous_5)","decl":{"start":{"line":39,"column":29},"end":{"line":39,"column":30}},"loc":{"start":{"line":39,"column":30},"end":{"line":39,"column":41}}},"6":{"name":"(anonymous_6)","decl":{"start":{"line":40,"column":35},"end":{"line":40,"column":36}},"loc":{"start":{"line":40,"column":36},"end":{"line":40,"column":47}}},"7":{"name":"(anonymous_7)","decl":{"start":{"line":41,"column":29},"end":{"line":41,"column":30}},"loc":{"start":{"line":41,"column":30},"end":{"line":41,"column":41}}}},"branchMap":{"0":{"loc":{"start":{"line":2,"column":4},"end":{"line":4,"column":null}},"type":"if","locations":[{"start":{"line":2,"column":4},"end":{"line":4,"column":null}},{"start":{"line":2,"column":4},"end":{"line":4,"column":null}}]},"1":{"loc":{"start":{"line":2,"column":7},"end":{"line":2,"column":14}},"type":"binary-expr","locations":[{"start":{"line":2,"column":7},"end":{"line":2,"column":14}},{"start":{"line":2,"column":18},"end":{"line":2,"column":36}},{"start":{"line":2,"column":40},"end":{"line":2,"column":58}}]},"2":{"loc":{"start":{"line":9,"column":4},"end":{"line":11,"column":null}},"type":"if","locations":[{"start":{"line":9,"column":4},"end":{"line":11,"column":null}},{"start":{"line":9,"column":4},"end":{"line":11,"column":null}}]},"3":{"loc":{"start":{"line":20,"column":25},"end":{"line":20,"column":68}},"type":"cond-expr","locations":[{"start":{"line":20,"column":25},"end":{"line":20,"column":68}},{"start":{"line":20,"column":71},"end":{"line":20,"column":80}}]},"4":{"loc":{"start":{"line":20,"column":46},"end":{"line":20,"column":57}},"type":"cond-expr","locations":[{"start":{"line":20,"column":46},"end":{"line":20,"column":57}},{"start":{"line":20,"column":60},"end":{"line":20,"column":67}}]},"5":{"loc":{"start":{"line":27,"column":4},"end":{"line":29,"column":null}},"type":"if","locations":[{"start":{"line":27,"column":4},"end":{"line":29,"column":null}},{"start":{"line":27,"column":4},"end":{"line":29,"column":null}}]},"6":{"loc":{"start":{"line":39,"column":62},"end":{"line":39,"column":68}},"type":"cond-expr","locations":[{"start":{"line":39,"column":62},"end":{"line":39,"column":68}},{"start":{"line":40,"column":12},"end":{"line":42,"column":18}}]},"7":{"loc":{"start":{"line":40,"column":68},"end":{"line":40,"column":80}},"type":"cond-expr","locations":[{"start":{"line":40,"column":68},"end":{"line":40,"column":80}},{"start":{"line":41,"column":12},"end":{"line":42,"column":18}}]},"8":{"loc":{"start":{"line":41,"column":62},"end":{"line":41,"column":68}},"type":"cond-expr","locations":[{"start":{"line":41,"column":62},"end":{"line":41,"column":68}},{"start":{"line":42,"column":12},"end":{"line":42,"column":18}}]}},"s":{"0":4,"1":69,"2":29,"3":40,"4":634,"5":40,"6":590,"7":3,"8":37,"9":37,"10":549,"11":37,"12":4,"13":9,"14":0,"15":9,"16":9,"17":9,"18":9,"19":30,"20":5},"f":{"0":69,"1":634,"2":590,"3":549,"4":9,"5":9,"6":30,"7":5},"b":{"0":[29,40],"1":[69,44,41],"2":[3,37],"3":[290,259],"4":[135,155],"5":[0,9],"6":[1,8],"7":[5,3],"8":[2,1]}}
,"C:\\Users\\Joe\\source\\repos\\credit-card\\src\\utils\\random-name.ts": {"path":"C:\\Users\\Joe\\source\\repos\\credit-card\\src\\utils\\random-name.ts","statementMap":{"0":{"start":{"line":1,"column":13},"end":{"line":23,"column":null}},"1":{"start":{"line":2,"column":18},"end":{"line":20,"column":6}},"2":{"start":{"line":22,"column":4},"end":{"line":22,"column":59}}},"fnMap":{"0":{"name":"(anonymous_0)","decl":{"start":{"line":1,"column":29},"end":{"line":1,"column":null}},"loc":{"start":{"line":1,"column":29},"end":{"line":23,"column":1}}}},"branchMap":{},"s":{"0":1,"1":35,"2":35},"f":{"0":35},"b":{}}
}
