TN:
SF:src\components\card-form.tsx
FN:13,(anonymous_7)
FN:22,(anonymous_8)
FN:26,(anonymous_9)
FN:30,(anonymous_10)
FN:34,(anonymous_11)
FN:38,(anonymous_12)
FN:52,(anonymous_13)
FN:60,(anonymous_14)
FN:64,(anonymous_15)
FN:68,(anonymous_16)
FN:72,(anonymous_17)
FNF:11
FNH:7
FNDA:35,(anonymous_7)
FNDA:15,(anonymous_8)
FNDA:15,(anonymous_9)
FNDA:15,(anonymous_10)
FNDA:15,(anonymous_11)
FNDA:0,(anonymous_12)
FNDA:3,(anonymous_13)
FNDA:0,(anonymous_14)
FNDA:0,(anonymous_15)
FNDA:0,(anonymous_16)
FNDA:3,(anonymous_17)
DA:1,1
DA:2,1
DA:3,1
DA:4,1
DA:5,1
DA:6,1
DA:8,1
DA:9,1
DA:10,1
DA:11,1
DA:13,1
DA:14,35
DA:15,35
DA:16,35
DA:17,35
DA:18,35
DA:19,35
DA:20,35
DA:22,35
DA:23,15
DA:26,35
DA:27,15
DA:30,35
DA:31,15
DA:34,35
DA:35,15
DA:38,35
DA:39,0
DA:41,0
DA:42,0
DA:45,0
DA:46,0
DA:49,0
DA:52,35
DA:53,3
DA:54,2
DA:55,1
DA:56,1
DA:60,35
DA:61,0
DA:64,35
DA:65,0
DA:68,35
DA:69,0
DA:72,35
DA:73,3
DA:76,35
DA:117,1
LF:48
LH:39
BRDA:41,0,0,0
BRDA:41,0,1,0
BRDA:45,1,0,0
BRDA:45,1,1,0
BRDA:45,2,0,0
BRDA:45,2,1,0
BRDA:45,2,2,0
BRDA:45,2,3,0
BRDA:53,3,0,2
BRDA:53,3,1,1
BRDA:55,4,0,1
BRDA:55,4,1,0
BRDA:79,5,0,35
BRDA:79,5,1,34
BRF:14
BRH:5
end_of_record
TN:
SF:src\components\card.tsx
FN:17,(anonymous_7)
FN:23,(anonymous_8)
FN:27,(anonymous_9)
FN:38,(anonymous_10)
FN:48,(anonymous_11)
FN:117,(anonymous_12)
FN:276,(anonymous_13)
FNF:7
FNH:7
FNDA:57,(anonymous_7)
FNDA:27,(anonymous_8)
FNDA:27,(anonymous_9)
FNDA:27,(anonymous_10)
FNDA:27,(anonymous_11)
FNDA:57,(anonymous_12)
FNDA:228,(anonymous_13)
DA:1,2
DA:2,2
DA:13,2
DA:14,2
DA:15,2
DA:17,57
DA:18,57
DA:19,57
DA:20,57
DA:21,57
DA:23,57
DA:24,27
DA:27,57
DA:29,27
DA:30,27
DA:31,27
DA:34,0
DA:38,57
DA:39,27
DA:40,27
DA:41,27
DA:44,0
DA:48,57
DA:49,27
DA:50,27
DA:51,27
DA:54,0
DA:58,57
DA:97,2
DA:99,2
DA:108,2
DA:117,57
DA:122,2
DA:139,2
DA:148,2
DA:158,2
DA:167,2
DA:171,2
DA:175,2
DA:179,2
DA:184,2
DA:199,2
DA:204,2
DA:214,2
DA:226,2
DA:251,2
DA:260,2
DA:271,2
DA:276,228
LF:49
LH:46
BRDA:29,0,0,27
BRDA:29,0,1,0
BRDA:39,1,0,27
BRDA:39,1,1,0
BRDA:49,2,0,27
BRDA:49,2,1,0
BRDA:99,3,0,2
BRDA:99,3,1,2
BRDA:108,4,0,2
BRDA:108,4,1,2
BRDA:117,5,0,57
BRDA:117,5,1,3
BRDA:117,6,0,3
BRDA:117,6,1,2
BRDA:122,7,0,2
BRDA:122,7,1,2
BRDA:139,8,0,2
BRDA:139,8,1,2
BRDA:148,9,0,2
BRDA:148,9,1,2
BRDA:158,10,0,2
BRDA:158,10,1,2
BRDA:167,11,0,2
BRDA:167,11,1,2
BRDA:171,12,0,2
BRDA:171,12,1,2
BRDA:175,13,0,2
BRDA:175,13,1,2
BRDA:179,14,0,2
BRDA:179,14,1,2
BRDA:184,15,0,2
BRDA:184,15,1,2
BRDA:199,16,0,2
BRDA:199,16,1,2
BRDA:204,17,0,2
BRDA:204,17,1,2
BRDA:214,18,0,2
BRDA:214,18,1,2
BRDA:226,19,0,2
BRDA:226,19,1,2
BRDA:251,20,0,2
BRDA:251,20,1,2
BRDA:260,21,0,2
BRDA:260,21,1,2
BRDA:271,22,0,2
BRDA:271,22,1,2
BRDA:276,23,0,3
BRDA:276,23,1,225
BRF:48
BRH:45
end_of_record
TN:
SF:src\components\expiry-input.tsx
FN:12,(anonymous_7)
FN:15,(anonymous_8)
FN:28,(anonymous_9)
FN:58,(anonymous_10)
FN:59,(anonymous_11)
FNF:5
FNH:5
FNDA:48,(anonymous_7)
FNDA:27,(anonymous_8)
FNDA:2,(anonymous_9)
FNDA:1,(anonymous_10)
FNDA:2,(anonymous_11)
DA:1,2
DA:3,2
DA:4,2
DA:5,2
DA:6,2
DA:7,2
DA:8,2
DA:10,2
DA:12,48
DA:13,48
DA:15,48
DA:16,27
DA:18,27
DA:19,25
DA:21,2
DA:22,2
DA:25,27
DA:28,48
DA:29,2
DA:31,2
DA:32,0
DA:33,0
DA:36,2
DA:37,2
DA:39,2
DA:40,0
DA:43,2
DA:46,48
DA:58,1
DA:59,2
DA:66,2
LF:31
LH:28
BRDA:13,0,0,48
BRDA:13,0,1,39
BRDA:13,0,2,47
BRDA:18,1,0,25
BRDA:18,1,1,2
BRDA:22,2,0,0
BRDA:22,2,1,2
BRDA:31,3,0,0
BRDA:31,3,1,2
BRDA:39,4,0,0
BRDA:39,4,1,2
BRDA:47,5,0,48
BRDA:47,5,1,2
BRDA:47,5,2,2
BRDA:61,6,0,48
BRDA:61,6,1,2
BRDA:61,6,2,2
BRDA:61,6,3,1
BRF:18
BRH:15
end_of_record
TN:
SF:src\components\focus-outline.tsx
FN:10,(anonymous_10)
FN:13,(anonymous_11)
FN:20,(anonymous_12)
FN:62,(anonymous_13)
FN:63,(anonymous_14)
FN:64,(anonymous_15)
FN:65,(anonymous_16)
FN:66,(anonymous_17)
FNF:8
FNH:8
FNDA:4,(anonymous_10)
FNDA:2,(anonymous_11)
FNDA:2,(anonymous_12)
FNDA:4,(anonymous_13)
FNDA:4,(anonymous_14)
FNDA:4,(anonymous_15)
FNDA:4,(anonymous_16)
FNDA:4,(anonymous_17)
DA:1,1
DA:2,1
DA:10,4
DA:11,4
DA:13,4
DA:14,2
DA:15,1
DA:16,1
DA:20,4
DA:21,2
DA:23,1
DA:24,1
DA:26,1
DA:27,1
DA:29,1
DA:39,4
DA:44,1
DA:55,1
DA:62,4
DA:63,4
DA:64,4
DA:65,4
DA:66,4
LF:23
LH:23
BRDA:14,0,0,1
BRDA:14,0,1,1
BRDA:14,1,0,2
BRDA:14,1,1,2
BRDA:14,1,2,2
BRDA:14,1,3,1
BRDA:21,2,0,1
BRDA:21,2,1,1
BRDA:21,3,0,2
BRDA:21,3,1,1
BRDA:55,4,0,1
BRDA:55,4,1,1
BRDA:62,5,0,1
BRDA:62,5,1,3
BRF:14
BRH:14
end_of_record
TN:
SF:src\components\long-number-input.tsx
FN:11,(anonymous_7)
FN:15,(anonymous_8)
FN:21,(anonymous_9)
FN:53,(anonymous_10)
FN:54,(anonymous_11)
FNF:5
FNH:5
FNDA:47,(anonymous_7)
FNDA:26,(anonymous_8)
FNDA:5,(anonymous_9)
FNDA:1,(anonymous_10)
FNDA:2,(anonymous_11)
DA:1,2
DA:2,2
DA:3,2
DA:5,2
DA:6,2
DA:7,2
DA:8,2
DA:9,2
DA:11,47
DA:12,47
DA:13,47
DA:15,47
DA:17,26
DA:18,26
DA:21,47
DA:23,5
DA:25,5
DA:26,1
DA:27,1
DA:30,4
DA:31,4
DA:33,4
DA:34,1
DA:37,4
DA:40,47
DA:53,1
DA:54,2
DA:61,2
LF:28
LH:28
BRDA:12,0,0,47
BRDA:12,0,1,36
BRDA:12,0,2,46
BRDA:18,1,0,22
BRDA:18,1,1,4
BRDA:18,2,0,4
BRDA:18,2,1,4
BRDA:25,3,0,1
BRDA:25,3,1,4
BRDA:33,4,0,1
BRDA:33,4,1,3
BRDA:41,5,0,47
BRDA:41,5,1,0
BRDA:41,5,2,0
BRDA:56,6,0,47
BRDA:56,6,1,0
BRDA:56,6,2,0
BRDA:56,6,3,0
BRF:18
BRH:13
end_of_record
TN:
SF:src\components\name-input.tsx
FN:14,(anonymous_7)
FN:17,(anonymous_8)
FN:22,(anonymous_9)
FN:38,(anonymous_10)
FN:39,(anonymous_11)
FNF:5
FNH:3
FNDA:36,(anonymous_7)
FNDA:15,(anonymous_8)
FNDA:1,(anonymous_9)
FNDA:0,(anonymous_10)
FNDA:0,(anonymous_11)
DA:1,1
DA:3,1
DA:4,1
DA:5,1
DA:6,1
DA:7,1
DA:8,1
DA:14,36
DA:15,36
DA:17,36
DA:18,15
DA:19,15
DA:22,36
DA:23,1
DA:26,36
DA:38,0
DA:39,0
DA:46,1
LF:18
LH:16
BRDA:15,0,0,36
BRDA:15,0,1,36
BRDA:15,0,2,35
BRDA:19,1,0,15
BRDA:19,1,1,14
BRDA:27,2,0,36
BRDA:27,2,1,0
BRDA:27,2,2,0
BRDA:41,3,0,36
BRDA:41,3,1,0
BRDA:41,3,2,0
BRDA:41,3,3,0
BRF:12
BRH:7
end_of_record
TN:
SF:src\components\security-input.tsx
FN:10,(anonymous_7)
FN:13,(anonymous_8)
FN:18,(anonymous_9)
FN:34,(anonymous_10)
FN:35,(anonymous_11)
FNF:5
FNH:5
FNDA:36,(anonymous_7)
FNDA:15,(anonymous_8)
FNDA:1,(anonymous_9)
FNDA:1,(anonymous_10)
FNDA:2,(anonymous_11)
DA:1,1
DA:3,1
DA:4,1
DA:5,1
DA:6,1
DA:7,1
DA:8,1
DA:10,36
DA:11,36
DA:13,36
DA:14,15
DA:15,15
DA:18,36
DA:19,1
DA:22,36
DA:34,1
DA:35,2
DA:42,1
LF:18
LH:18
BRDA:11,0,0,36
BRDA:11,0,1,36
BRDA:11,0,2,35
BRDA:15,1,0,15
BRDA:15,1,1,14
BRDA:23,2,0,36
BRDA:23,2,1,0
BRDA:23,2,2,0
BRDA:37,3,0,36
BRDA:37,3,1,0
BRDA:37,3,2,0
BRDA:37,3,3,0
BRF:12
BRH:7
end_of_record
TN:
SF:src\style\form.ts
FNF:0
FNH:0
DA:1,1
DA:3,1
DA:16,1
LF:3
LH:3
BRDA:3,0,0,1
BRDA:3,0,1,1
BRF:2
BRH:2
end_of_record
TN:
SF:src\style\inline-input-wrapper.ts
FNF:0
FNH:0
DA:1,1
DA:3,1
DA:13,1
LF:3
LH:3
BRDA:3,0,0,1
BRDA:3,0,1,1
BRF:2
BRH:2
end_of_record
TN:
SF:src\style\input-icon-wrapper.ts
FNF:0
FNH:0
DA:1,3
DA:3,3
DA:14,3
LF:3
LH:3
BRDA:3,0,0,3
BRDA:3,0,1,3
BRF:2
BRH:2
end_of_record
TN:
SF:src\style\input-message.ts
FNF:0
FNH:0
DA:1,3
DA:3,3
DA:9,3
LF:3
LH:3
BRDA:3,0,0,3
BRDA:3,0,1,3
BRF:2
BRH:2
end_of_record
TN:
SF:src\style\input-wrapper.ts
FN:12,(anonymous_7)
FNF:1
FNH:1
FNDA:167,(anonymous_7)
DA:1,3
DA:7,3
DA:12,167
DA:23,3
LF:4
LH:4
BRDA:7,0,0,3
BRDA:7,0,1,3
BRDA:12,1,0,167
BRDA:12,1,1,1
BRDA:12,2,0,1
BRDA:12,2,1,1
BRF:6
BRH:6
end_of_record
TN:
SF:src\style\input.ts
FNF:0
FNH:0
DA:1,3
DA:3,3
DA:20,3
LF:3
LH:3
BRDA:3,0,0,3
BRDA:3,0,1,3
BRF:2
BRH:2
end_of_record
TN:
SF:src\style\label.ts
FNF:0
FNH:0
DA:1,3
DA:3,3
DA:9,3
LF:3
LH:3
BRDA:3,0,0,3
BRDA:3,0,1,3
BRF:2
BRH:2
end_of_record
TN:
SF:src\style\submit.ts
FNF:0
FNH:0
DA:1,1
DA:3,1
DA:19,1
LF:3
LH:3
BRDA:3,0,0,1
BRDA:3,0,1,1
BRF:2
BRH:2
end_of_record
TN:
SF:src\utils\expiry-validate.ts
FN:3,(anonymous_1)
FNF:1
FNH:1
FNDA:6,(anonymous_1)
DA:1,3
DA:3,8
DA:4,6
DA:5,6
DA:6,6
LF:5
LH:5
BRDA:3,0,0,2
BRDA:3,0,1,4
BRDA:6,1,0,6
BRDA:6,1,1,3
BRF:4
BRH:4
end_of_record
TN:
SF:src\utils\long-number-utils.ts
FN:1,(anonymous_0)
FN:7,(anonymous_1)
FN:9,(anonymous_2)
FN:19,(anonymous_3)
FN:26,(anonymous_4)
FN:39,(anonymous_5)
FN:40,(anonymous_6)
FN:41,(anonymous_7)
FNF:8
FNH:8
FNDA:69,(anonymous_0)
FNDA:634,(anonymous_1)
FNDA:590,(anonymous_2)
FNDA:549,(anonymous_3)
FNDA:9,(anonymous_4)
FNDA:9,(anonymous_5)
FNDA:30,(anonymous_6)
FNDA:5,(anonymous_7)
DA:1,4
DA:2,69
DA:3,29
DA:7,634
DA:9,590
DA:10,3
DA:15,37
DA:19,37
DA:20,549
DA:23,37
DA:26,4
DA:27,9
DA:28,0
DA:31,9
DA:33,9
DA:39,9
DA:40,30
DA:41,5
LF:18
LH:17
BRDA:2,0,0,29
BRDA:2,0,1,40
BRDA:2,1,0,69
BRDA:2,1,1,44
BRDA:2,1,2,41
BRDA:9,2,0,3
BRDA:9,2,1,37
BRDA:20,3,0,290
BRDA:20,3,1,259
BRDA:20,4,0,135
BRDA:20,4,1,155
BRDA:27,5,0,0
BRDA:27,5,1,9
BRDA:39,6,0,1
BRDA:39,6,1,8
BRDA:40,7,0,5
BRDA:40,7,1,3
BRDA:41,8,0,2
BRDA:41,8,1,1
BRF:19
BRH:18
end_of_record
TN:
SF:src\utils\random-name.ts
FN:1,(anonymous_0)
FNF:1
FNH:1
FNDA:35,(anonymous_0)
DA:1,1
DA:2,35
DA:22,35
LF:3
LH:3
BRF:0
BRH:0
end_of_record
